This file contains any messages produced by compilers while
running configure, to aid debugging if configure makes a mistake.

It was created by configure, which was
generated by GNU Autoconf 2.69.  Invocation command line was

  $ ./configure --with-pgconfig=/opt/huawei/cluster/app_392c0438/bin/pg_config --with-gdalconfig=/usr/local/gdal-1.11.0/bin/gdal-config --with-geosconfig=/usr/local/geos-3.6.2/bin/geos-config --with-xml2config=/usr/local/libxml2-2.7.1/bin/xml2-config --with-jsondir=/usr/local/jsonc-0.12.0 --with-projdir=/usr/local/proj-4.9.2 --without-topology CFLAGS=-O2 -fpermissive -pthread CC=g++

## --------- ##
## Platform. ##
## --------- ##

hostname = dev
uname -m = x86_64
uname -r = 3.10.0-957.el7.x86_64
uname -s = Linux
uname -v = #1 SMP Thu Nov 8 23:39:32 UTC 2018

/usr/bin/uname -p = x86_64
/bin/uname -X     = unknown

/bin/arch              = x86_64
/usr/bin/arch -k       = unknown
/usr/convex/getsysinfo = unknown
/usr/bin/hostinfo      = unknown
/bin/machine           = unknown
/usr/bin/oslevel       = unknown
/bin/universe          = unknown

PATH: /opt/huawei/cluster/app/bin
PATH: /root/gauss_om/omm/script
PATH: /opt/huawei/cluster/tool/script/gspylib/pssh/bin
PATH: /opt/huawei/cluster/tool/script
PATH: /opt/huawei/cluster/app/bin
PATH: /root/gauss_om/omm/script
PATH: /opt/huawei/cluster/tool/script/gspylib/pssh/bin
PATH: /opt/huawei/cluster/tool/script
PATH: /opt/rh/devtoolset-8/root/usr/bin
PATH: /usr/local/bin
PATH: /bin
PATH: /usr/bin
PATH: /usr/local/sbin
PATH: /usr/sbin
PATH: /opt/huawei/cluster/tool/script
PATH: /home/omm/.local/bin
PATH: /home/omm/bin


## ----------- ##
## Core tests. ##
## ----------- ##

configure:2480: checking for a BSD-compatible install
configure:2548: result: /bin/install -c
configure:2589: checking build system type
configure:2603: result: x86_64-unknown-linux-gnu
configure:2623: checking host system type
configure:2636: result: x86_64-unknown-linux-gnu
configure:2677: checking how to print strings
configure:2704: result: printf
configure:2773: checking for gcc
configure:2800: result: g++
configure:3029: checking for C compiler version
configure:3038: g++ --version >&5
g++ (GCC) 8.3.1 20190311 (Red Hat 8.3.1-3)
Copyright (C) 2018 Free Software Foundation, Inc.
This is free software; see the source for copying conditions.  There is NO
warranty; not even for MERCHANTABILITY or FITNESS FOR A PARTICULAR PURPOSE.

configure:3049: $? = 0
configure:3038: g++ -v >&5
Using built-in specs.
COLLECT_GCC=g++
COLLECT_LTO_WRAPPER=/opt/rh/devtoolset-8/root/usr/libexec/gcc/x86_64-redhat-linux/8/lto-wrapper
Target: x86_64-redhat-linux
Configured with: ../configure --enable-bootstrap --enable-languages=c,c++,fortran,lto --prefix=/opt/rh/devtoolset-8/root/usr --mandir=/opt/rh/devtoolset-8/root/usr/share/man --infodir=/opt/rh/devtoolset-8/root/usr/share/info --with-bugurl=http://bugzilla.redhat.com/bugzilla --enable-shared --enable-threads=posix --enable-checking=release --enable-multilib --with-system-zlib --enable-__cxa_atexit --disable-libunwind-exceptions --enable-gnu-unique-object --enable-linker-build-id --with-gcc-major-version-only --with-linker-hash-style=gnu --with-default-libstdcxx-abi=gcc4-compatible --enable-plugin --enable-initfini-array --with-isl=/builddir/build/BUILD/gcc-8.3.1-20190311/obj-x86_64-redhat-linux/isl-install --disable-libmpx --enable-gnu-indirect-function --with-tune=generic --with-arch_32=x86-64 --build=x86_64-redhat-linux
Thread model: posix
gcc version 8.3.1 20190311 (Red Hat 8.3.1-3) (GCC) 
configure:3049: $? = 0
configure:3038: g++ -V >&5
g++: error: unrecognized command line option '-V'
g++: fatal error: no input files
compilation terminated.
configure:3049: $? = 1
configure:3038: g++ -qversion >&5
g++: error: unrecognized command line option '-qversion'; did you mean '--version'?
g++: fatal error: no input files
compilation terminated.
configure:3049: $? = 1
configure:3069: checking whether the C compiler works
configure:3091: g++ -O2 -fpermissive -pthread   conftest.c  >&5
configure:3095: $? = 0
configure:3143: result: yes
configure:3146: checking for C compiler default output file name
configure:3148: result: a.out
configure:3154: checking for suffix of executables
configure:3161: g++ -o conftest -O2 -fpermissive -pthread   conftest.c  >&5
configure:3165: $? = 0
configure:3187: result: 
configure:3209: checking whether we are cross compiling
configure:3217: g++ -o conftest -O2 -fpermissive -pthread   conftest.c  >&5
configure:3221: $? = 0
configure:3228: ./conftest
configure:3232: $? = 0
configure:3247: result: no
configure:3252: checking for suffix of object files
configure:3274: g++ -c -O2 -fpermissive -pthread  conftest.c >&5
configure:3278: $? = 0
configure:3299: result: o
configure:3303: checking whether we are using the GNU C compiler
configure:3322: g++ -c -O2 -fpermissive -pthread  conftest.c >&5
configure:3322: $? = 0
configure:3331: result: yes
configure:3340: checking whether g++ accepts -g
configure:3360: g++ -c -g  conftest.c >&5
configure:3360: $? = 0
configure:3401: result: yes
configure:3418: checking for g++ option to accept ISO C89
configure:3481: g++  -c -O2 -fpermissive -pthread  conftest.c >&5
conftest.c:15:17: error: 'p' was not declared in this scope
 static char *e (p, i)
                 ^
conftest.c:15:20: error: 'i' was not declared in this scope
 static char *e (p, i)
                    ^
conftest.c:15:21: warning: expression list treated as compound expression in initializer [-fpermissive]
 static char *e (p, i)
                     ^
conftest.c:18:1: error: expected unqualified-id before '{' token
 {
 ^
conftest.c: In function 'int main()':
conftest.c:54:11: error: cannot convert 'char*' to 'char* (*)(char**, int)'
 return f (e, argv, 0) != argv[0]  ||  f (e, argv, 1) != argv[1];
           ^
conftest.c:21:26: note:   initializing argument 1 of 'char* f(char* (*)(char**, int), char**, ...)'
 static char *f (char * (*g) (char **, int), char **p, ...)
                 ~~~~~~~~~^~~~~~~~~~~~~~~~~
conftest.c:54:42: error: cannot convert 'char*' to 'char* (*)(char**, int)'
 return f (e, argv, 0) != argv[0]  ||  f (e, argv, 1) != argv[1];
                                          ^
conftest.c:21:26: note:   initializing argument 1 of 'char* f(char* (*)(char**, int), char**, ...)'
 static char *f (char * (*g) (char **, int), char **p, ...)
                 ~~~~~~~~~^~~~~~~~~~~~~~~~~
configure:3481: $? = 1
configure: failed program was:
| /* confdefs.h */
| #define PACKAGE_NAME ""
| #define PACKAGE_TARNAME ""
| #define PACKAGE_VERSION ""
| #define PACKAGE_STRING ""
| #define PACKAGE_BUGREPORT ""
| #define PACKAGE_URL ""
| /* end confdefs.h.  */
| #include <stdarg.h>
| #include <stdio.h>
| struct stat;
| /* Most of the following tests are stolen from RCS 5.7's src/conf.sh.  */
| struct buf { int x; };
| FILE * (*rcsopen) (struct buf *, struct stat *, int);
| static char *e (p, i)
|      char **p;
|      int i;
| {
|   return p[i];
| }
| static char *f (char * (*g) (char **, int), char **p, ...)
| {
|   char *s;
|   va_list v;
|   va_start (v,p);
|   s = g (p, va_arg (v,int));
|   va_end (v);
|   return s;
| }
| 
| /* OSF 4.0 Compaq cc is some sort of almost-ANSI by default.  It has
|    function prototypes and stuff, but not '\xHH' hex character constants.
|    These don't provoke an error unfortunately, instead are silently treated
|    as 'x'.  The following induces an error, until -std is added to get
|    proper ANSI mode.  Curiously '\x00'!='x' always comes out true, for an
|    array size at least.  It's necessary to write '\x00'==0 to get something
|    that's true only with -std.  */
| int osf4_cc_array ['\x00' == 0 ? 1 : -1];
| 
| /* IBM C 6 for AIX is almost-ANSI by default, but it replaces macro parameters
|    inside strings and character constants.  */
| #define FOO(x) 'x'
| int xlc6_cc_array[FOO(a) == 'x' ? 1 : -1];
| 
| int test (int i, double x);
| struct s1 {int (*f) (int a);};
| struct s2 {int (*f) (double a);};
| int pairnames (int, char **, FILE *(*)(struct buf *, struct stat *, int), int, int);
| int argc;
| char **argv;
| int
| main ()
| {
| return f (e, argv, 0) != argv[0]  ||  f (e, argv, 1) != argv[1];
|   ;
|   return 0;
| }
configure:3481: g++ -qlanglvl=extc89 -c -O2 -fpermissive -pthread  conftest.c >&5
g++: error: unrecognized command line option '-qlanglvl=extc89'
configure:3481: $? = 1
configure: failed program was:
| /* confdefs.h */
| #define PACKAGE_NAME ""
| #define PACKAGE_TARNAME ""
| #define PACKAGE_VERSION ""
| #define PACKAGE_STRING ""
| #define PACKAGE_BUGREPORT ""
| #define PACKAGE_URL ""
| /* end confdefs.h.  */
| #include <stdarg.h>
| #include <stdio.h>
| struct stat;
| /* Most of the following tests are stolen from RCS 5.7's src/conf.sh.  */
| struct buf { int x; };
| FILE * (*rcsopen) (struct buf *, struct stat *, int);
| static char *e (p, i)
|      char **p;
|      int i;
| {
|   return p[i];
| }
| static char *f (char * (*g) (char **, int), char **p, ...)
| {
|   char *s;
|   va_list v;
|   va_start (v,p);
|   s = g (p, va_arg (v,int));
|   va_end (v);
|   return s;
| }
| 
| /* OSF 4.0 Compaq cc is some sort of almost-ANSI by default.  It has
|    function prototypes and stuff, but not '\xHH' hex character constants.
|    These don't provoke an error unfortunately, instead are silently treated
|    as 'x'.  The following induces an error, until -std is added to get
|    proper ANSI mode.  Curiously '\x00'!='x' always comes out true, for an
|    array size at least.  It's necessary to write '\x00'==0 to get something
|    that's true only with -std.  */
| int osf4_cc_array ['\x00' == 0 ? 1 : -1];
| 
| /* IBM C 6 for AIX is almost-ANSI by default, but it replaces macro parameters
|    inside strings and character constants.  */
| #define FOO(x) 'x'
| int xlc6_cc_array[FOO(a) == 'x' ? 1 : -1];
| 
| int test (int i, double x);
| struct s1 {int (*f) (int a);};
| struct s2 {int (*f) (double a);};
| int pairnames (int, char **, FILE *(*)(struct buf *, struct stat *, int), int, int);
| int argc;
| char **argv;
| int
| main ()
| {
| return f (e, argv, 0) != argv[0]  ||  f (e, argv, 1) != argv[1];
|   ;
|   return 0;
| }
configure:3481: g++ -qlanglvl=ansi -c -O2 -fpermissive -pthread  conftest.c >&5
g++: error: unrecognized command line option '-qlanglvl=ansi'
configure:3481: $? = 1
configure: failed program was:
| /* confdefs.h */
| #define PACKAGE_NAME ""
| #define PACKAGE_TARNAME ""
| #define PACKAGE_VERSION ""
| #define PACKAGE_STRING ""
| #define PACKAGE_BUGREPORT ""
| #define PACKAGE_URL ""
| /* end confdefs.h.  */
| #include <stdarg.h>
| #include <stdio.h>
| struct stat;
| /* Most of the following tests are stolen from RCS 5.7's src/conf.sh.  */
| struct buf { int x; };
| FILE * (*rcsopen) (struct buf *, struct stat *, int);
| static char *e (p, i)
|      char **p;
|      int i;
| {
|   return p[i];
| }
| static char *f (char * (*g) (char **, int), char **p, ...)
| {
|   char *s;
|   va_list v;
|   va_start (v,p);
|   s = g (p, va_arg (v,int));
|   va_end (v);
|   return s;
| }
| 
| /* OSF 4.0 Compaq cc is some sort of almost-ANSI by default.  It has
|    function prototypes and stuff, but not '\xHH' hex character constants.
|    These don't provoke an error unfortunately, instead are silently treated
|    as 'x'.  The following induces an error, until -std is added to get
|    proper ANSI mode.  Curiously '\x00'!='x' always comes out true, for an
|    array size at least.  It's necessary to write '\x00'==0 to get something
|    that's true only with -std.  */
| int osf4_cc_array ['\x00' == 0 ? 1 : -1];
| 
| /* IBM C 6 for AIX is almost-ANSI by default, but it replaces macro parameters
|    inside strings and character constants.  */
| #define FOO(x) 'x'
| int xlc6_cc_array[FOO(a) == 'x' ? 1 : -1];
| 
| int test (int i, double x);
| struct s1 {int (*f) (int a);};
| struct s2 {int (*f) (double a);};
| int pairnames (int, char **, FILE *(*)(struct buf *, struct stat *, int), int, int);
| int argc;
| char **argv;
| int
| main ()
| {
| return f (e, argv, 0) != argv[0]  ||  f (e, argv, 1) != argv[1];
|   ;
|   return 0;
| }
configure:3481: g++ -std -c -O2 -fpermissive -pthread  conftest.c >&5
g++: error: unrecognized command line option '-std'; did you mean '-mrtd'?
configure:3481: $? = 1
configure: failed program was:
| /* confdefs.h */
| #define PACKAGE_NAME ""
| #define PACKAGE_TARNAME ""
| #define PACKAGE_VERSION ""
| #define PACKAGE_STRING ""
| #define PACKAGE_BUGREPORT ""
| #define PACKAGE_URL ""
| /* end confdefs.h.  */
| #include <stdarg.h>
| #include <stdio.h>
| struct stat;
| /* Most of the following tests are stolen from RCS 5.7's src/conf.sh.  */
| struct buf { int x; };
| FILE * (*rcsopen) (struct buf *, struct stat *, int);
| static char *e (p, i)
|      char **p;
|      int i;
| {
|   return p[i];
| }
| static char *f (char * (*g) (char **, int), char **p, ...)
| {
|   char *s;
|   va_list v;
|   va_start (v,p);
|   s = g (p, va_arg (v,int));
|   va_end (v);
|   return s;
| }
| 
| /* OSF 4.0 Compaq cc is some sort of almost-ANSI by default.  It has
|    function prototypes and stuff, but not '\xHH' hex character constants.
|    These don't provoke an error unfortunately, instead are silently treated
|    as 'x'.  The following induces an error, until -std is added to get
|    proper ANSI mode.  Curiously '\x00'!='x' always comes out true, for an
|    array size at least.  It's necessary to write '\x00'==0 to get something
|    that's true only with -std.  */
| int osf4_cc_array ['\x00' == 0 ? 1 : -1];
| 
| /* IBM C 6 for AIX is almost-ANSI by default, but it replaces macro parameters
|    inside strings and character constants.  */
| #define FOO(x) 'x'
| int xlc6_cc_array[FOO(a) == 'x' ? 1 : -1];
| 
| int test (int i, double x);
| struct s1 {int (*f) (int a);};
| struct s2 {int (*f) (double a);};
| int pairnames (int, char **, FILE *(*)(struct buf *, struct stat *, int), int, int);
| int argc;
| char **argv;
| int
| main ()
| {
| return f (e, argv, 0) != argv[0]  ||  f (e, argv, 1) != argv[1];
|   ;
|   return 0;
| }
configure:3481: g++ -Ae -c -O2 -fpermissive -pthread  conftest.c >&5
<command-line>: error: missing '(' after predicate
conftest.c:15:17: error: 'p' was not declared in this scope
 static char *e (p, i)
                 ^
conftest.c:15:20: error: 'i' was not declared in this scope
 static char *e (p, i)
                    ^
conftest.c:15:21: warning: expression list treated as compound expression in initializer [-fpermissive]
 static char *e (p, i)
                     ^
conftest.c:18:1: error: expected unqualified-id before '{' token
 {
 ^
conftest.c: In function 'int main()':
conftest.c:54:11: error: cannot convert 'char*' to 'char* (*)(char**, int)'
 return f (e, argv, 0) != argv[0]  ||  f (e, argv, 1) != argv[1];
           ^
conftest.c:21:26: note:   initializing argument 1 of 'char* f(char* (*)(char**, int), char**, ...)'
 static char *f (char * (*g) (char **, int), char **p, ...)
                 ~~~~~~~~~^~~~~~~~~~~~~~~~~
conftest.c:54:42: error: cannot convert 'char*' to 'char* (*)(char**, int)'
 return f (e, argv, 0) != argv[0]  ||  f (e, argv, 1) != argv[1];
                                          ^
conftest.c:21:26: note:   initializing argument 1 of 'char* f(char* (*)(char**, int), char**, ...)'
 static char *f (char * (*g) (char **, int), char **p, ...)
                 ~~~~~~~~~^~~~~~~~~~~~~~~~~
configure:3481: $? = 1
configure: failed program was:
| /* confdefs.h */
| #define PACKAGE_NAME ""
| #define PACKAGE_TARNAME ""
| #define PACKAGE_VERSION ""
| #define PACKAGE_STRING ""
| #define PACKAGE_BUGREPORT ""
| #define PACKAGE_URL ""
| /* end confdefs.h.  */
| #include <stdarg.h>
| #include <stdio.h>
| struct stat;
| /* Most of the following tests are stolen from RCS 5.7's src/conf.sh.  */
| struct buf { int x; };
| FILE * (*rcsopen) (struct buf *, struct stat *, int);
| static char *e (p, i)
|      char **p;
|      int i;
| {
|   return p[i];
| }
| static char *f (char * (*g) (char **, int), char **p, ...)
| {
|   char *s;
|   va_list v;
|   va_start (v,p);
|   s = g (p, va_arg (v,int));
|   va_end (v);
|   return s;
| }
| 
| /* OSF 4.0 Compaq cc is some sort of almost-ANSI by default.  It has
|    function prototypes and stuff, but not '\xHH' hex character constants.
|    These don't provoke an error unfortunately, instead are silently treated
|    as 'x'.  The following induces an error, until -std is added to get
|    proper ANSI mode.  Curiously '\x00'!='x' always comes out true, for an
|    array size at least.  It's necessary to write '\x00'==0 to get something
|    that's true only with -std.  */
| int osf4_cc_array ['\x00' == 0 ? 1 : -1];
| 
| /* IBM C 6 for AIX is almost-ANSI by default, but it replaces macro parameters
|    inside strings and character constants.  */
| #define FOO(x) 'x'
| int xlc6_cc_array[FOO(a) == 'x' ? 1 : -1];
| 
| int test (int i, double x);
| struct s1 {int (*f) (int a);};
| struct s2 {int (*f) (double a);};
| int pairnames (int, char **, FILE *(*)(struct buf *, struct stat *, int), int, int);
| int argc;
| char **argv;
| int
| main ()
| {
| return f (e, argv, 0) != argv[0]  ||  f (e, argv, 1) != argv[1];
|   ;
|   return 0;
| }
configure:3481: g++ -Aa -D_HPUX_SOURCE -c -O2 -fpermissive -pthread  conftest.c >&5
<command-line>: error: missing '(' after predicate
conftest.c:15:17: error: 'p' was not declared in this scope
 static char *e (p, i)
                 ^
conftest.c:15:20: error: 'i' was not declared in this scope
 static char *e (p, i)
                    ^
conftest.c:15:21: warning: expression list treated as compound expression in initializer [-fpermissive]
 static char *e (p, i)
                     ^
conftest.c:18:1: error: expected unqualified-id before '{' token
 {
 ^
conftest.c: In function 'int main()':
conftest.c:54:11: error: cannot convert 'char*' to 'char* (*)(char**, int)'
 return f (e, argv, 0) != argv[0]  ||  f (e, argv, 1) != argv[1];
           ^
conftest.c:21:26: note:   initializing argument 1 of 'char* f(char* (*)(char**, int), char**, ...)'
 static char *f (char * (*g) (char **, int), char **p, ...)
                 ~~~~~~~~~^~~~~~~~~~~~~~~~~
conftest.c:54:42: error: cannot convert 'char*' to 'char* (*)(char**, int)'
 return f (e, argv, 0) != argv[0]  ||  f (e, argv, 1) != argv[1];
                                          ^
conftest.c:21:26: note:   initializing argument 1 of 'char* f(char* (*)(char**, int), char**, ...)'
 static char *f (char * (*g) (char **, int), char **p, ...)
                 ~~~~~~~~~^~~~~~~~~~~~~~~~~
configure:3481: $? = 1
configure: failed program was:
| /* confdefs.h */
| #define PACKAGE_NAME ""
| #define PACKAGE_TARNAME ""
| #define PACKAGE_VERSION ""
| #define PACKAGE_STRING ""
| #define PACKAGE_BUGREPORT ""
| #define PACKAGE_URL ""
| /* end confdefs.h.  */
| #include <stdarg.h>
| #include <stdio.h>
| struct stat;
| /* Most of the following tests are stolen from RCS 5.7's src/conf.sh.  */
| struct buf { int x; };
| FILE * (*rcsopen) (struct buf *, struct stat *, int);
| static char *e (p, i)
|      char **p;
|      int i;
| {
|   return p[i];
| }
| static char *f (char * (*g) (char **, int), char **p, ...)
| {
|   char *s;
|   va_list v;
|   va_start (v,p);
|   s = g (p, va_arg (v,int));
|   va_end (v);
|   return s;
| }
| 
| /* OSF 4.0 Compaq cc is some sort of almost-ANSI by default.  It has
|    function prototypes and stuff, but not '\xHH' hex character constants.
|    These don't provoke an error unfortunately, instead are silently treated
|    as 'x'.  The following induces an error, until -std is added to get
|    proper ANSI mode.  Curiously '\x00'!='x' always comes out true, for an
|    array size at least.  It's necessary to write '\x00'==0 to get something
|    that's true only with -std.  */
| int osf4_cc_array ['\x00' == 0 ? 1 : -1];
| 
| /* IBM C 6 for AIX is almost-ANSI by default, but it replaces macro parameters
|    inside strings and character constants.  */
| #define FOO(x) 'x'
| int xlc6_cc_array[FOO(a) == 'x' ? 1 : -1];
| 
| int test (int i, double x);
| struct s1 {int (*f) (int a);};
| struct s2 {int (*f) (double a);};
| int pairnames (int, char **, FILE *(*)(struct buf *, struct stat *, int), int, int);
| int argc;
| char **argv;
| int
| main ()
| {
| return f (e, argv, 0) != argv[0]  ||  f (e, argv, 1) != argv[1];
|   ;
|   return 0;
| }
configure:3481: g++ -Xc -D__EXTENSIONS__ -c -O2 -fpermissive -pthread  conftest.c >&5
g++: error: unrecognized command line option '-Xc'; did you mean '-c'?
configure:3481: $? = 1
configure: failed program was:
| /* confdefs.h */
| #define PACKAGE_NAME ""
| #define PACKAGE_TARNAME ""
| #define PACKAGE_VERSION ""
| #define PACKAGE_STRING ""
| #define PACKAGE_BUGREPORT ""
| #define PACKAGE_URL ""
| /* end confdefs.h.  */
| #include <stdarg.h>
| #include <stdio.h>
| struct stat;
| /* Most of the following tests are stolen from RCS 5.7's src/conf.sh.  */
| struct buf { int x; };
| FILE * (*rcsopen) (struct buf *, struct stat *, int);
| static char *e (p, i)
|      char **p;
|      int i;
| {
|   return p[i];
| }
| static char *f (char * (*g) (char **, int), char **p, ...)
| {
|   char *s;
|   va_list v;
|   va_start (v,p);
|   s = g (p, va_arg (v,int));
|   va_end (v);
|   return s;
| }
| 
| /* OSF 4.0 Compaq cc is some sort of almost-ANSI by default.  It has
|    function prototypes and stuff, but not '\xHH' hex character constants.
|    These don't provoke an error unfortunately, instead are silently treated
|    as 'x'.  The following induces an error, until -std is added to get
|    proper ANSI mode.  Curiously '\x00'!='x' always comes out true, for an
|    array size at least.  It's necessary to write '\x00'==0 to get something
|    that's true only with -std.  */
| int osf4_cc_array ['\x00' == 0 ? 1 : -1];
| 
| /* IBM C 6 for AIX is almost-ANSI by default, but it replaces macro parameters
|    inside strings and character constants.  */
| #define FOO(x) 'x'
| int xlc6_cc_array[FOO(a) == 'x' ? 1 : -1];
| 
| int test (int i, double x);
| struct s1 {int (*f) (int a);};
| struct s2 {int (*f) (double a);};
| int pairnames (int, char **, FILE *(*)(struct buf *, struct stat *, int), int, int);
| int argc;
| char **argv;
| int
| main ()
| {
| return f (e, argv, 0) != argv[0]  ||  f (e, argv, 1) != argv[1];
|   ;
|   return 0;
| }
configure:3497: result: unsupported
configure:3514: checking for a sed that does not truncate output
configure:3578: result: /bin/sed
configure:3596: checking for grep that handles long lines and -e
configure:3654: result: /bin/grep
configure:3659: checking for egrep
configure:3721: result: /bin/grep -E
configure:3726: checking for fgrep
configure:3788: result: /bin/grep -F
configure:3823: checking for ld used by g++
configure:3890: result: /opt/rh/devtoolset-8/root/usr/libexec/gcc/x86_64-redhat-linux/8/ld
configure:3897: checking if the linker (/opt/rh/devtoolset-8/root/usr/libexec/gcc/x86_64-redhat-linux/8/ld) is GNU ld
configure:3912: result: yes
configure:3924: checking for BSD- or MS-compatible name lister (nm)
configure:3978: result: /opt/rh/devtoolset-8/root/usr/bin/nm -B
configure:4108: checking the name lister (/opt/rh/devtoolset-8/root/usr/bin/nm -B) interface
configure:4115: g++ -c -O2 -fpermissive -pthread  conftest.c >&5
configure:4118: /opt/rh/devtoolset-8/root/usr/bin/nm -B "conftest.o"
configure:4121: output
0000000000000000 B some_variable
configure:4128: result: BSD nm
configure:4131: checking whether ln -s works
configure:4135: result: yes
configure:4143: checking the maximum length of command line arguments
configure:4274: result: 1572864
configure:4322: checking how to convert x86_64-unknown-linux-gnu file names to x86_64-unknown-linux-gnu format
configure:4362: result: func_convert_file_noop
configure:4369: checking how to convert x86_64-unknown-linux-gnu file names to toolchain format
configure:4389: result: func_convert_file_noop
configure:4396: checking for /opt/rh/devtoolset-8/root/usr/libexec/gcc/x86_64-redhat-linux/8/ld option to reload object files
configure:4403: result: -r
configure:4477: checking for objdump
configure:4493: found /opt/rh/devtoolset-8/root/usr/bin/objdump
configure:4504: result: objdump
configure:4536: checking how to recognize dependent libraries
configure:4736: result: pass_all
configure:4821: checking for dlltool
configure:4851: result: no
configure:4881: checking how to associate runtime and link libraries
configure:4908: result: printf %s\n
configure:4969: checking for ar
configure:4985: found /opt/rh/devtoolset-8/root/usr/bin/ar
configure:4996: result: ar
configure:5033: checking for archiver @FILE support
configure:5050: g++ -c -O2 -fpermissive -pthread  conftest.c >&5
configure:5050: $? = 0
configure:5053: ar cru libconftest.a @conftest.lst >&5
configure:5056: $? = 0
configure:5061: ar cru libconftest.a @conftest.lst >&5
ar: conftest.o: No such file or directory
configure:5064: $? = 1
configure:5076: result: @
configure:5134: checking for strip
configure:5150: found /opt/rh/devtoolset-8/root/usr/bin/strip
configure:5161: result: strip
configure:5233: checking for ranlib
configure:5249: found /opt/rh/devtoolset-8/root/usr/bin/ranlib
configure:5260: result: ranlib
configure:5337: checking for gawk
configure:5353: found /bin/gawk
configure:5364: result: gawk
configure:5404: checking command to parse /opt/rh/devtoolset-8/root/usr/bin/nm -B output from g++ object
configure:5557: g++ -c -O2 -fpermissive -pthread  conftest.c >&5
configure:5560: $? = 0
configure:5564: /opt/rh/devtoolset-8/root/usr/bin/nm -B conftest.o \| sed -n -e 's/^.*[ ]\([ABCDGIRSTW][ABCDGIRSTW]*\)[ ][ ]*\([_A-Za-z][_A-Za-z0-9]*\)$/\1 \2 \2/p' | sed '/ __gnu_lto/d' \> conftest.nm
configure:5567: $? = 0
configure:5633: g++ -o conftest -O2 -fpermissive -pthread   conftest.c conftstm.o >&5
configure:5636: $? = 0
configure:5674: result: ok
configure:5721: checking for sysroot
configure:5751: result: no
configure:5758: checking for a working dd
configure:5796: result: /bin/dd
configure:5800: checking how to truncate binary pipes
configure:5815: result: /bin/dd bs=4096 count=1
configure:5951: g++ -c -O2 -fpermissive -pthread  conftest.c >&5
configure:5954: $? = 0
configure:6144: checking for mt
configure:6174: result: no
configure:6194: checking if : is a manifest tool
configure:6200: : '-?'
configure:6208: result: no
configure:6885: checking how to run the C preprocessor
configure:6916: g++ -E  conftest.c
configure:6916: $? = 0
configure:6930: g++ -E  conftest.c
conftest.c:9:10: fatal error: ac_nonexistent.h: No such file or directory
 #include <ac_nonexistent.h>
          ^~~~~~~~~~~~~~~~~~
compilation terminated.
configure:6930: $? = 1
configure: failed program was:
| /* confdefs.h */
| #define PACKAGE_NAME ""
| #define PACKAGE_TARNAME ""
| #define PACKAGE_VERSION ""
| #define PACKAGE_STRING ""
| #define PACKAGE_BUGREPORT ""
| #define PACKAGE_URL ""
| /* end confdefs.h.  */
| #include <ac_nonexistent.h>
configure:6955: result: g++ -E
configure:6975: g++ -E  conftest.c
configure:6975: $? = 0
configure:6989: g++ -E  conftest.c
conftest.c:9:10: fatal error: ac_nonexistent.h: No such file or directory
 #include <ac_nonexistent.h>
          ^~~~~~~~~~~~~~~~~~
compilation terminated.
configure:6989: $? = 1
configure: failed program was:
| /* confdefs.h */
| #define PACKAGE_NAME ""
| #define PACKAGE_TARNAME ""
| #define PACKAGE_VERSION ""
| #define PACKAGE_STRING ""
| #define PACKAGE_BUGREPORT ""
| #define PACKAGE_URL ""
| /* end confdefs.h.  */
| #include <ac_nonexistent.h>
configure:7018: checking for ANSI C header files
configure:7038: g++ -c -O2 -fpermissive -pthread  conftest.c >&5
configure:7038: $? = 0
configure:7111: g++ -o conftest -O2 -fpermissive -pthread   conftest.c  >&5
configure:7111: $? = 0
configure:7111: ./conftest
configure:7111: $? = 0
configure:7122: result: yes
configure:7135: checking for sys/types.h
configure:7135: g++ -c -O2 -fpermissive -pthread  conftest.c >&5
configure:7135: $? = 0
configure:7135: result: yes
configure:7135: checking for sys/stat.h
configure:7135: g++ -c -O2 -fpermissive -pthread  conftest.c >&5
configure:7135: $? = 0
configure:7135: result: yes
configure:7135: checking for stdlib.h
configure:7135: g++ -c -O2 -fpermissive -pthread  conftest.c >&5
configure:7135: $? = 0
configure:7135: result: yes
configure:7135: checking for string.h
configure:7135: g++ -c -O2 -fpermissive -pthread  conftest.c >&5
configure:7135: $? = 0
configure:7135: result: yes
configure:7135: checking for memory.h
configure:7135: g++ -c -O2 -fpermissive -pthread  conftest.c >&5
configure:7135: $? = 0
configure:7135: result: yes
configure:7135: checking for strings.h
configure:7135: g++ -c -O2 -fpermissive -pthread  conftest.c >&5
configure:7135: $? = 0
configure:7135: result: yes
configure:7135: checking for inttypes.h
configure:7135: g++ -c -O2 -fpermissive -pthread  conftest.c >&5
configure:7135: $? = 0
configure:7135: result: yes
configure:7135: checking for stdint.h
configure:7135: g++ -c -O2 -fpermissive -pthread  conftest.c >&5
configure:7135: $? = 0
configure:7135: result: yes
configure:7135: checking for unistd.h
configure:7135: g++ -c -O2 -fpermissive -pthread  conftest.c >&5
configure:7135: $? = 0
configure:7135: result: yes
configure:7149: checking for dlfcn.h
configure:7149: g++ -c -O2 -fpermissive -pthread  conftest.c >&5
configure:7149: $? = 0
configure:7149: result: yes
configure:7405: checking for objdir
configure:7420: result: .libs
configure:7684: checking if g++ supports -fno-rtti -fno-exceptions
configure:7702: g++ -c -O2 -fpermissive -pthread  -fno-rtti -fno-exceptions conftest.c >&5
configure:7706: $? = 0
configure:7719: result: yes
configure:8077: checking for g++ option to produce PIC
configure:8084: result: -fPIC -DPIC
configure:8092: checking if g++ PIC flag -fPIC -DPIC works
configure:8110: g++ -c -O2 -fpermissive -pthread  -fPIC -DPIC -DPIC conftest.c >&5
configure:8114: $? = 0
configure:8127: result: yes
configure:8156: checking if g++ static flag -static works
configure:8184: result: no
configure:8199: checking if g++ supports -c -o file.o
configure:8220: g++ -c -O2 -fpermissive -pthread  -o out/conftest2.o conftest.c >&5
configure:8224: $? = 0
configure:8246: result: yes
configure:8254: checking if g++ supports -c -o file.o
configure:8301: result: yes
configure:8334: checking whether the g++ linker (/opt/rh/devtoolset-8/root/usr/libexec/gcc/x86_64-redhat-linux/8/ld -m elf_x86_64) supports shared libraries
configure:9593: result: yes
configure:9630: checking whether -lc should be explicitly linked in
configure:9638: g++ -c -O2 -fpermissive -pthread  conftest.c >&5
configure:9641: $? = 0
configure:9656: g++ -shared  -fPIC -DPIC conftest.o  -v -Wl,-soname -Wl,conftest -o conftest 2\>\&1 \| /bin/grep  -lc  \>/dev/null 2\>\&1
configure:9659: $? = 0
configure:9673: result: no
configure:9833: checking dynamic linker characteristics
configure:10414: g++ -o conftest -O2 -fpermissive -pthread   -Wl,-rpath -Wl,/foo conftest.c  >&5
configure:10414: $? = 0
configure:10651: result: GNU/Linux ld.so
configure:10773: checking how to hardcode library paths into programs
configure:10798: result: immediate
configure:11346: checking whether stripping libraries is possible
configure:11351: result: yes
configure:11386: checking if libtool supports shared libraries
configure:11388: result: yes
configure:11391: checking whether to build shared libraries
configure:11416: result: yes
configure:11419: checking whether to build static libraries
configure:11423: result: yes
configure:11509: checking for gcc
configure:11536: result: g++
configure:11765: checking for C compiler version
configure:11774: g++ --version >&5
g++ (GCC) 8.3.1 20190311 (Red Hat 8.3.1-3)
Copyright (C) 2018 Free Software Foundation, Inc.
This is free software; see the source for copying conditions.  There is NO
warranty; not even for MERCHANTABILITY or FITNESS FOR A PARTICULAR PURPOSE.

configure:11785: $? = 0
configure:11774: g++ -v >&5
Using built-in specs.
COLLECT_GCC=g++
COLLECT_LTO_WRAPPER=/opt/rh/devtoolset-8/root/usr/libexec/gcc/x86_64-redhat-linux/8/lto-wrapper
Target: x86_64-redhat-linux
Configured with: ../configure --enable-bootstrap --enable-languages=c,c++,fortran,lto --prefix=/opt/rh/devtoolset-8/root/usr --mandir=/opt/rh/devtoolset-8/root/usr/share/man --infodir=/opt/rh/devtoolset-8/root/usr/share/info --with-bugurl=http://bugzilla.redhat.com/bugzilla --enable-shared --enable-threads=posix --enable-checking=release --enable-multilib --with-system-zlib --enable-__cxa_atexit --disable-libunwind-exceptions --enable-gnu-unique-object --enable-linker-build-id --with-gcc-major-version-only --with-linker-hash-style=gnu --with-default-libstdcxx-abi=gcc4-compatible --enable-plugin --enable-initfini-array --with-isl=/builddir/build/BUILD/gcc-8.3.1-20190311/obj-x86_64-redhat-linux/isl-install --disable-libmpx --enable-gnu-indirect-function --with-tune=generic --with-arch_32=x86-64 --build=x86_64-redhat-linux
Thread model: posix
gcc version 8.3.1 20190311 (Red Hat 8.3.1-3) (GCC) 
configure:11785: $? = 0
configure:11774: g++ -V >&5
g++: error: unrecognized command line option '-V'
g++: fatal error: no input files
compilation terminated.
configure:11785: $? = 1
configure:11774: g++ -qversion >&5
g++: error: unrecognized command line option '-qversion'; did you mean '--version'?
g++: fatal error: no input files
compilation terminated.
configure:11785: $? = 1
configure:11789: checking whether we are using the GNU C compiler
configure:11817: result: yes
configure:11826: checking whether g++ accepts -g
configure:11887: result: yes
configure:11904: checking for g++ option to accept ISO C89
configure:11983: result: unsupported
configure:12005: checking how to run the C preprocessor
configure:12075: result: g++ -E
configure:12095: g++ -E  conftest.c
configure:12095: $? = 0
configure:12109: g++ -E  conftest.c
conftest.c:21:10: fatal error: ac_nonexistent.h: No such file or directory
 #include <ac_nonexistent.h>
          ^~~~~~~~~~~~~~~~~~
compilation terminated.
configure:12109: $? = 1
configure: failed program was:
| /* confdefs.h */
| #define PACKAGE_NAME ""
| #define PACKAGE_TARNAME ""
| #define PACKAGE_VERSION ""
| #define PACKAGE_STRING ""
| #define PACKAGE_BUGREPORT ""
| #define PACKAGE_URL ""
| #define STDC_HEADERS 1
| #define HAVE_SYS_TYPES_H 1
| #define HAVE_SYS_STAT_H 1
| #define HAVE_STDLIB_H 1
| #define HAVE_STRING_H 1
| #define HAVE_MEMORY_H 1
| #define HAVE_STRINGS_H 1
| #define HAVE_INTTYPES_H 1
| #define HAVE_STDINT_H 1
| #define HAVE_UNISTD_H 1
| #define HAVE_DLFCN_H 1
| #define LT_OBJDIR ".libs/"
| /* end confdefs.h.  */
| #include <ac_nonexistent.h>
configure:12137: checking for grep that handles long lines and -e
configure:12195: result: /bin/grep
configure:12203: checking for cpp
configure:12221: found /opt/rh/devtoolset-8/root/usr/bin/cpp
configure:12233: result: /opt/rh/devtoolset-8/root/usr/bin/cpp
configure:12302: checking if g++ supports -Wall
configure:12320: g++ -c -O2 -fpermissive -pthread  -Wall conftest.c >&5
configure:12324: $? = 0
configure:12337: result: yes
configure:12346: checking if g++ supports -Wmissing-prototypes
configure:12364: g++ -c -O2 -fpermissive -pthread  -Wmissing-prototypes conftest.c >&5
cc1plus: warning: command line option '-Wmissing-prototypes' is valid for C/ObjC but not for C++
configure:12368: $? = 0
configure:12381: result: no
configure:12393: checking if g++ supports -ffloat-store
configure:12411: g++ -c -O2 -fpermissive -pthread  -ffloat-store conftest.c >&5
configure:12415: $? = 0
configure:12428: result: yes
configure:12440: checking if g++ supports --exclude-libs
configure:12468: result: yes
configure:12519: checking for flex
configure:12549: result: no
configure:12519: checking for lex
configure:12549: result: no
configure:12678: checking for bison
configure:12708: result: no
configure:12678: checking for byacc
configure:12708: result: no
configure:12720: checking ieeefp.h usability
configure:12720: g++ -c -O2 -fpermissive -pthread  conftest.c >&5
conftest.c:57:10: fatal error: ieeefp.h: No such file or directory
 #include <ieeefp.h>
          ^~~~~~~~~~
compilation terminated.
configure:12720: $? = 1
configure: failed program was:
| /* confdefs.h */
| #define PACKAGE_NAME ""
| #define PACKAGE_TARNAME ""
| #define PACKAGE_VERSION ""
| #define PACKAGE_STRING ""
| #define PACKAGE_BUGREPORT ""
| #define PACKAGE_URL ""
| #define STDC_HEADERS 1
| #define HAVE_SYS_TYPES_H 1
| #define HAVE_SYS_STAT_H 1
| #define HAVE_STDLIB_H 1
| #define HAVE_STRING_H 1
| #define HAVE_MEMORY_H 1
| #define HAVE_STRINGS_H 1
| #define HAVE_INTTYPES_H 1
| #define HAVE_STDINT_H 1
| #define HAVE_UNISTD_H 1
| #define HAVE_DLFCN_H 1
| #define LT_OBJDIR ".libs/"
| #define POSTGIS_MAJOR_VERSION "2"
| #define POSTGIS_MINOR_VERSION "4"
| #define POSTGIS_MICRO_VERSION "2"
| /* end confdefs.h.  */
| #include <stdio.h>
| #ifdef HAVE_SYS_TYPES_H
| # include <sys/types.h>
| #endif
| #ifdef HAVE_SYS_STAT_H
| # include <sys/stat.h>
| #endif
| #ifdef STDC_HEADERS
| # include <stdlib.h>
| # include <stddef.h>
| #else
| # ifdef HAVE_STDLIB_H
| #  include <stdlib.h>
| # endif
| #endif
| #ifdef HAVE_STRING_H
| # if !defined STDC_HEADERS && defined HAVE_MEMORY_H
| #  include <memory.h>
| # endif
| # include <string.h>
| #endif
| #ifdef HAVE_STRINGS_H
| # include <strings.h>
| #endif
| #ifdef HAVE_INTTYPES_H
| # include <inttypes.h>
| #endif
| #ifdef HAVE_STDINT_H
| # include <stdint.h>
| #endif
| #ifdef HAVE_UNISTD_H
| # include <unistd.h>
| #endif
| #include <ieeefp.h>
configure:12720: result: no
configure:12720: checking ieeefp.h presence
configure:12720: g++ -E  conftest.c
conftest.c:24:10: fatal error: ieeefp.h: No such file or directory
 #include <ieeefp.h>
          ^~~~~~~~~~
compilation terminated.
configure:12720: $? = 1
configure: failed program was:
| /* confdefs.h */
| #define PACKAGE_NAME ""
| #define PACKAGE_TARNAME ""
| #define PACKAGE_VERSION ""
| #define PACKAGE_STRING ""
| #define PACKAGE_BUGREPORT ""
| #define PACKAGE_URL ""
| #define STDC_HEADERS 1
| #define HAVE_SYS_TYPES_H 1
| #define HAVE_SYS_STAT_H 1
| #define HAVE_STDLIB_H 1
| #define HAVE_STRING_H 1
| #define HAVE_MEMORY_H 1
| #define HAVE_STRINGS_H 1
| #define HAVE_INTTYPES_H 1
| #define HAVE_STDINT_H 1
| #define HAVE_UNISTD_H 1
| #define HAVE_DLFCN_H 1
| #define LT_OBJDIR ".libs/"
| #define POSTGIS_MAJOR_VERSION "2"
| #define POSTGIS_MINOR_VERSION "4"
| #define POSTGIS_MICRO_VERSION "2"
| /* end confdefs.h.  */
| #include <ieeefp.h>
configure:12720: result: no
configure:12720: checking for ieeefp.h
configure:12720: result: no
configure:12733: checking termios.h usability
configure:12733: g++ -c -O2 -fpermissive -pthread  conftest.c >&5
configure:12733: $? = 0
configure:12733: result: yes
configure:12733: checking termios.h presence
configure:12733: g++ -E  conftest.c
configure:12733: $? = 0
configure:12733: result: yes
configure:12733: checking for termios.h
configure:12733: result: yes
configure:12748: checking for vasprintf
configure:12748: g++ -o conftest -O2 -fpermissive -pthread   conftest.c  >&5
configure:12748: $? = 0
configure:12748: result: yes
configure:12754: checking for asprintf
configure:12754: g++ -o conftest -O2 -fpermissive -pthread   conftest.c  >&5
configure:12754: $? = 0
configure:12754: result: yes
configure:12760: checking for _LARGEFILE_SOURCE value needed for large files
configure:12779: g++ -o conftest -O2 -fpermissive -pthread   conftest.c  >&5
configure:12779: $? = 0
configure:12807: result: no
configure:12829: checking whether isfinite is declared
configure:12829: g++ -c -O2 -fpermissive -pthread  conftest.c >&5
conftest.c: In function 'int main()':
conftest.c:36:10: error: conversion to void cannot resolve address of overloaded function
   (void) isfinite;
          ^~~~~~~~
configure:12829: $? = 1
configure: failed program was:
| /* confdefs.h */
| #define PACKAGE_NAME ""
| #define PACKAGE_TARNAME ""
| #define PACKAGE_VERSION ""
| #define PACKAGE_STRING ""
| #define PACKAGE_BUGREPORT ""
| #define PACKAGE_URL ""
| #define STDC_HEADERS 1
| #define HAVE_SYS_TYPES_H 1
| #define HAVE_SYS_STAT_H 1
| #define HAVE_STDLIB_H 1
| #define HAVE_STRING_H 1
| #define HAVE_MEMORY_H 1
| #define HAVE_STRINGS_H 1
| #define HAVE_INTTYPES_H 1
| #define HAVE_STDINT_H 1
| #define HAVE_UNISTD_H 1
| #define HAVE_DLFCN_H 1
| #define LT_OBJDIR ".libs/"
| #define POSTGIS_MAJOR_VERSION "2"
| #define POSTGIS_MINOR_VERSION "4"
| #define POSTGIS_MICRO_VERSION "2"
| #define HAVE_IEEEFP_H 0
| #define HAVE_TERMIOS_H 1
| #define HAVE_VASPRINTF 1
| #define HAVE_ASPRINTF 1
| #define HAVE_FSEEKO 1
| /* end confdefs.h.  */
| #include <math.h>
| 
| int
| main ()
| {
| #ifndef isfinite
| #ifdef __cplusplus
|   (void) isfinite;
| #else
|   (void) isfinite;
| #endif
| #endif
| 
|   ;
|   return 0;
| }
configure:12829: result: no
configure:12839: checking whether isfinite is declared
configure:12839: g++ -c -O2 -fpermissive -pthread  conftest.c >&5
conftest.c:30: warning: "_GNU_SOURCE" redefined
     #define _GNU_SOURCE
 
<command-line>: note: this is the location of the previous definition
conftest.c: In function 'int main()':
conftest.c:39:10: error: conversion to void cannot resolve address of overloaded function
   (void) isfinite;
          ^~~~~~~~
configure:12839: $? = 1
configure: failed program was:
| /* confdefs.h */
| #define PACKAGE_NAME ""
| #define PACKAGE_TARNAME ""
| #define PACKAGE_VERSION ""
| #define PACKAGE_STRING ""
| #define PACKAGE_BUGREPORT ""
| #define PACKAGE_URL ""
| #define STDC_HEADERS 1
| #define HAVE_SYS_TYPES_H 1
| #define HAVE_SYS_STAT_H 1
| #define HAVE_STDLIB_H 1
| #define HAVE_STRING_H 1
| #define HAVE_MEMORY_H 1
| #define HAVE_STRINGS_H 1
| #define HAVE_INTTYPES_H 1
| #define HAVE_STDINT_H 1
| #define HAVE_UNISTD_H 1
| #define HAVE_DLFCN_H 1
| #define LT_OBJDIR ".libs/"
| #define POSTGIS_MAJOR_VERSION "2"
| #define POSTGIS_MINOR_VERSION "4"
| #define POSTGIS_MICRO_VERSION "2"
| #define HAVE_IEEEFP_H 0
| #define HAVE_TERMIOS_H 1
| #define HAVE_VASPRINTF 1
| #define HAVE_ASPRINTF 1
| #define HAVE_FSEEKO 1
| /* end confdefs.h.  */
| 
|     #define _GNU_SOURCE
|     #include <math.h>
| 
| 
| int
| main ()
| {
| #ifndef isfinite
| #ifdef __cplusplus
|   (void) isfinite;
| #else
|   (void) isfinite;
| #endif
| #endif
| 
|   ;
|   return 0;
| }
configure:12839: result: no
configure:12862: checking for perl
configure:12880: found /bin/perl
configure:12892: result: /bin/perl
configure:12910: checking for xsltproc
configure:12943: result: no
configure:12949: WARNING: xsltproc is not installed so documentation cannot be built
configure:12958: checking for convert
configure:12991: result: no
configure:13002: checking for dblatex
configure:13035: result: no
configure:13051: checking for xmllint
configure:13069: found /bin/xmllint
configure:13081: result: /bin/xmllint
configure:13170: checking CUnit/CUnit.h usability
configure:13170: g++ -c -O2 -fpermissive -pthread  conftest.c >&5
configure:13170: $? = 0
configure:13170: result: yes
configure:13170: checking CUnit/CUnit.h presence
configure:13170: g++ -E  conftest.c
configure:13170: $? = 0
configure:13170: result: yes
configure:13170: checking for CUnit/CUnit.h
configure:13170: result: yes
configure:13174: checking for CU_initialize_registry in -lcunit
configure:13199: g++ -o conftest -O2 -fpermissive -pthread   conftest.c -lcunit   >&5
configure:13199: $? = 0
configure:13208: result: yes
configure:13258: checking iconv.h usability
configure:13258: g++ -c -O2 -fpermissive -pthread  conftest.c >&5
configure:13258: $? = 0
configure:13258: result: yes
configure:13258: checking iconv.h presence
configure:13258: g++ -E  conftest.c
configure:13258: $? = 0
configure:13258: result: yes
configure:13258: checking for iconv.h
configure:13258: result: yes
configure:13266: checking for libiconv_open in -liconv
configure:13291: g++ -o conftest -O2 -fpermissive -pthread   conftest.c -liconv   >&5
/opt/rh/devtoolset-8/root/usr/libexec/gcc/x86_64-redhat-linux/8/ld: cannot find -liconv
collect2: error: ld returned 1 exit status
configure:13291: $? = 1
configure: failed program was:
| /* confdefs.h */
| #define PACKAGE_NAME ""
| #define PACKAGE_TARNAME ""
| #define PACKAGE_VERSION ""
| #define PACKAGE_STRING ""
| #define PACKAGE_BUGREPORT ""
| #define PACKAGE_URL ""
| #define STDC_HEADERS 1
| #define HAVE_SYS_TYPES_H 1
| #define HAVE_SYS_STAT_H 1
| #define HAVE_STDLIB_H 1
| #define HAVE_STRING_H 1
| #define HAVE_MEMORY_H 1
| #define HAVE_STRINGS_H 1
| #define HAVE_INTTYPES_H 1
| #define HAVE_STDINT_H 1
| #define HAVE_UNISTD_H 1
| #define HAVE_DLFCN_H 1
| #define LT_OBJDIR ".libs/"
| #define POSTGIS_MAJOR_VERSION "2"
| #define POSTGIS_MINOR_VERSION "4"
| #define POSTGIS_MICRO_VERSION "2"
| #define HAVE_IEEEFP_H 0
| #define HAVE_TERMIOS_H 1
| #define HAVE_VASPRINTF 1
| #define HAVE_ASPRINTF 1
| #define HAVE_FSEEKO 1
| /* end confdefs.h.  */
| 
| /* Override any GCC internal prototype to avoid an error.
|    Use char because int might match the return type of a GCC
|    builtin and then its argument prototype would still apply.  */
| #ifdef __cplusplus
| extern "C"
| #endif
| char libiconv_open ();
| int
| main ()
| {
| return libiconv_open ();
|   ;
|   return 0;
| }
configure:13300: result: no
configure:13307: checking for iconv_open in -lc
configure:13332: g++ -o conftest -O2 -fpermissive -pthread   conftest.c -lc   >&5
configure:13332: $? = 0
configure:13341: result: yes
configure:13400: checking for iconvctl
configure:13400: g++ -o conftest -O2 -fpermissive -pthread   conftest.c  >&5
/tmp/ccON4Zjf.o: In function `main':
conftest.c:(.text.startup+0x5): undefined reference to `iconvctl'
collect2: error: ld returned 1 exit status
configure:13400: $? = 1
configure: failed program was:
| /* confdefs.h */
| #define PACKAGE_NAME ""
| #define PACKAGE_TARNAME ""
| #define PACKAGE_VERSION ""
| #define PACKAGE_STRING ""
| #define PACKAGE_BUGREPORT ""
| #define PACKAGE_URL ""
| #define STDC_HEADERS 1
| #define HAVE_SYS_TYPES_H 1
| #define HAVE_SYS_STAT_H 1
| #define HAVE_STDLIB_H 1
| #define HAVE_STRING_H 1
| #define HAVE_MEMORY_H 1
| #define HAVE_STRINGS_H 1
| #define HAVE_INTTYPES_H 1
| #define HAVE_STDINT_H 1
| #define HAVE_UNISTD_H 1
| #define HAVE_DLFCN_H 1
| #define LT_OBJDIR ".libs/"
| #define POSTGIS_MAJOR_VERSION "2"
| #define POSTGIS_MINOR_VERSION "4"
| #define POSTGIS_MICRO_VERSION "2"
| #define HAVE_IEEEFP_H 0
| #define HAVE_TERMIOS_H 1
| #define HAVE_VASPRINTF 1
| #define HAVE_ASPRINTF 1
| #define HAVE_FSEEKO 1
| /* end confdefs.h.  */
| /* Define iconvctl to an innocuous variant, in case <limits.h> declares iconvctl.
|    For example, HP-UX 11i <limits.h> declares gettimeofday.  */
| #define iconvctl innocuous_iconvctl
| 
| /* System header to define __stub macros and hopefully few prototypes,
|     which can conflict with char iconvctl (); below.
|     Prefer <limits.h> to <assert.h> if __STDC__ is defined, since
|     <limits.h> exists even on freestanding compilers.  */
| 
| #ifdef __STDC__
| # include <limits.h>
| #else
| # include <assert.h>
| #endif
| 
| #undef iconvctl
| 
| /* Override any GCC internal prototype to avoid an error.
|    Use char because int might match the return type of a GCC
|    builtin and then its argument prototype would still apply.  */
| #ifdef __cplusplus
| extern "C"
| #endif
| char iconvctl ();
| /* The GNU C library defines this for functions which it implements
|     to always fail with ENOSYS.  Some functions are actually named
|     something starting with __ and the normal name is an alias.  */
| #if defined __stub_iconvctl || defined __stub___iconvctl
| choke me
| #endif
| 
| int
| main ()
| {
| return iconvctl ();
|   ;
|   return 0;
| }
configure:13400: result: no
configure:13400: checking for libiconvctl
configure:13400: g++ -o conftest -O2 -fpermissive -pthread   conftest.c  >&5
/tmp/cc6QWGEj.o: In function `main':
conftest.c:(.text.startup+0x5): undefined reference to `libiconvctl'
collect2: error: ld returned 1 exit status
configure:13400: $? = 1
configure: failed program was:
| /* confdefs.h */
| #define PACKAGE_NAME ""
| #define PACKAGE_TARNAME ""
| #define PACKAGE_VERSION ""
| #define PACKAGE_STRING ""
| #define PACKAGE_BUGREPORT ""
| #define PACKAGE_URL ""
| #define STDC_HEADERS 1
| #define HAVE_SYS_TYPES_H 1
| #define HAVE_SYS_STAT_H 1
| #define HAVE_STDLIB_H 1
| #define HAVE_STRING_H 1
| #define HAVE_MEMORY_H 1
| #define HAVE_STRINGS_H 1
| #define HAVE_INTTYPES_H 1
| #define HAVE_STDINT_H 1
| #define HAVE_UNISTD_H 1
| #define HAVE_DLFCN_H 1
| #define LT_OBJDIR ".libs/"
| #define POSTGIS_MAJOR_VERSION "2"
| #define POSTGIS_MINOR_VERSION "4"
| #define POSTGIS_MICRO_VERSION "2"
| #define HAVE_IEEEFP_H 0
| #define HAVE_TERMIOS_H 1
| #define HAVE_VASPRINTF 1
| #define HAVE_ASPRINTF 1
| #define HAVE_FSEEKO 1
| /* end confdefs.h.  */
| /* Define libiconvctl to an innocuous variant, in case <limits.h> declares libiconvctl.
|    For example, HP-UX 11i <limits.h> declares gettimeofday.  */
| #define libiconvctl innocuous_libiconvctl
| 
| /* System header to define __stub macros and hopefully few prototypes,
|     which can conflict with char libiconvctl (); below.
|     Prefer <limits.h> to <assert.h> if __STDC__ is defined, since
|     <limits.h> exists even on freestanding compilers.  */
| 
| #ifdef __STDC__
| # include <limits.h>
| #else
| # include <assert.h>
| #endif
| 
| #undef libiconvctl
| 
| /* Override any GCC internal prototype to avoid an error.
|    Use char because int might match the return type of a GCC
|    builtin and then its argument prototype would still apply.  */
| #ifdef __cplusplus
| extern "C"
| #endif
| char libiconvctl ();
| /* The GNU C library defines this for functions which it implements
|     to always fail with ENOSYS.  Some functions are actually named
|     something starting with __ and the normal name is an alias.  */
| #if defined __stub_libiconvctl || defined __stub___libiconvctl
| choke me
| #endif
| 
| int
| main ()
| {
| return libiconvctl ();
|   ;
|   return 0;
| }
configure:13400: result: no
configure:13491: result: Using user-specified pg_config file: /opt/huawei/cluster/app_392c0438/bin/pg_config
configure:13528: result: checking PostgreSQL version... 92
configure:13580: checking libpq-fe.h usability
configure:13580: g++ -c -O2 -fpermissive -pthread -I/opt/huawei/cluster/app/include conftest.c >&5
configure:13580: $? = 0
configure:13580: result: yes
configure:13580: checking libpq-fe.h presence
configure:13580: g++ -E -I/opt/huawei/cluster/app/include conftest.c
configure:13580: $? = 0
configure:13580: result: yes
configure:13580: checking for libpq-fe.h
configure:13580: result: yes
configure:13594: checking for PQserverVersion in -lpq
configure:13619: g++ -o conftest -O2 -fpermissive -pthread  -I/home/hn/code/postgis/postgis-xc/postgis-2.4.2/include  conftest.c -lpq  -L/opt/huawei/cluster/app/lib -lpq >&5
configure:13619: $? = 0
configure:13628: result: yes
configure:13733: result: Using user-specified xml2-config file: /usr/local/libxml2-2.7.1/bin/xml2-config
configure:13813: checking libxml/tree.h usability
configure:13813: g++ -c -O2 -fpermissive -pthread -I/usr/local/libxml2-2.7.1/include/libxml2 conftest.c >&5
configure:13813: $? = 0
configure:13813: result: yes
configure:13813: checking libxml/tree.h presence
configure:13813: g++ -E -I/usr/local/libxml2-2.7.1/include/libxml2 conftest.c
configure:13813: $? = 0
configure:13813: result: yes
configure:13813: checking for libxml/tree.h
configure:13813: result: yes
configure:13813: checking libxml/parser.h usability
configure:13813: g++ -c -O2 -fpermissive -pthread -I/usr/local/libxml2-2.7.1/include/libxml2 conftest.c >&5
configure:13813: $? = 0
configure:13813: result: yes
configure:13813: checking libxml/parser.h presence
configure:13813: g++ -E -I/usr/local/libxml2-2.7.1/include/libxml2 conftest.c
configure:13813: $? = 0
configure:13813: result: yes
configure:13813: checking for libxml/parser.h
configure:13813: result: yes
configure:13813: checking libxml/xpath.h usability
configure:13813: g++ -c -O2 -fpermissive -pthread -I/usr/local/libxml2-2.7.1/include/libxml2 conftest.c >&5
configure:13813: $? = 0
configure:13813: result: yes
configure:13813: checking libxml/xpath.h presence
configure:13813: g++ -E -I/usr/local/libxml2-2.7.1/include/libxml2 conftest.c
configure:13813: $? = 0
configure:13813: result: yes
configure:13813: checking for libxml/xpath.h
configure:13813: result: yes
configure:13813: checking libxml/xpathInternals.h usability
configure:13813: g++ -c -O2 -fpermissive -pthread -I/usr/local/libxml2-2.7.1/include/libxml2 conftest.c >&5
configure:13813: $? = 0
configure:13813: result: yes
configure:13813: checking libxml/xpathInternals.h presence
configure:13813: g++ -E -I/usr/local/libxml2-2.7.1/include/libxml2 conftest.c
configure:13813: $? = 0
configure:13813: result: yes
configure:13813: checking for libxml/xpathInternals.h
configure:13813: result: yes
configure:13829: checking for xmlInitParser in -lxml2
configure:13854: g++ -o conftest -O2 -fpermissive -pthread  -I/home/hn/code/postgis/postgis-xc/postgis-2.4.2/include  conftest.c -lxml2  -L/usr/local/libxml2-2.7.1/lib -lxml2 -lm >&5
configure:13854: $? = 0
configure:13863: result: yes
configure:13947: result: Using user-specified geos-config file: /usr/local/geos-3.6.2/bin/geos-config
configure:13967: result: checking GEOS version... 3.6.2
configure:13980: checking geos_c.h usability
configure:13980: g++ -c -O2 -fpermissive -pthread -I/usr/local/geos-3.6.2/include conftest.c >&5
configure:13980: $? = 0
configure:13980: result: yes
configure:13980: checking geos_c.h presence
configure:13980: g++ -E -I/usr/local/geos-3.6.2/include conftest.c
configure:13980: $? = 0
configure:13980: result: yes
configure:13980: checking for geos_c.h
configure:13980: result: yes
configure:13992: checking for initGEOS in -lgeos_c
configure:14017: g++ -o conftest -O2 -fpermissive -pthread  -I/home/hn/code/postgis/postgis-xc/postgis-2.4.2/include  conftest.c -lgeos_c  -L/usr/local/geos-3.6.2/lib >&5
configure:14017: $? = 0
configure:14026: result: yes
configure:14067: checking for sfcgal-config
configure:14100: result: no
configure:14175: checking whether make sets $(MAKE)
configure:14197: result: yes
configure:14206: checking for a thread-safe mkdir -p
configure:14245: result: /bin/mkdir -p
configure:14256: checking whether NLS is requested
configure:14265: result: yes
configure:14306: checking for msgfmt
configure: trying /bin/msgfmt...
0 translated messages.
configure:14338: result: /bin/msgfmt
configure:14347: checking for gmsgfmt
configure:14378: result: /bin/msgfmt
configure:14429: checking for xgettext
configure: trying /bin/xgettext...
/bin/xgettext: warning: file '/dev/null' extension '' is unknown; will try C
configure:14461: result: /bin/xgettext
configure:14507: checking for msgmerge
configure: trying /bin/msgmerge...
configure:14538: result: /bin/msgmerge
configure:14595: checking for ld used by GCC
configure:14659: result: /opt/rh/devtoolset-8/root/usr/libexec/gcc/x86_64-redhat-linux/8/ld -m elf_x86_64
configure:14666: checking if the linker (/opt/rh/devtoolset-8/root/usr/libexec/gcc/x86_64-redhat-linux/8/ld -m elf_x86_64) is GNU ld
configure:14679: result: yes
configure:14686: checking for shared library run path origin
configure:14699: result: done
configure:15200: checking for CFPreferencesCopyAppValue
configure:15218: g++ -o conftest -O2 -fpermissive -pthread  -I/home/hn/code/postgis/postgis-xc/postgis-2.4.2/include  conftest.c  -Wl,-framework -Wl,CoreFoundation >&5
conftest.c:41:10: fatal error: CoreFoundation/CFPreferences.h: No such file or directory
 #include <CoreFoundation/CFPreferences.h>
          ^~~~~~~~~~~~~~~~~~~~~~~~~~~~~~~~
compilation terminated.
configure:15218: $? = 1
configure: failed program was:
| /* confdefs.h */
| #define PACKAGE_NAME ""
| #define PACKAGE_TARNAME ""
| #define PACKAGE_VERSION ""
| #define PACKAGE_STRING ""
| #define PACKAGE_BUGREPORT ""
| #define PACKAGE_URL ""
| #define STDC_HEADERS 1
| #define HAVE_SYS_TYPES_H 1
| #define HAVE_SYS_STAT_H 1
| #define HAVE_STDLIB_H 1
| #define HAVE_STRING_H 1
| #define HAVE_MEMORY_H 1
| #define HAVE_STRINGS_H 1
| #define HAVE_INTTYPES_H 1
| #define HAVE_STDINT_H 1
| #define HAVE_UNISTD_H 1
| #define HAVE_DLFCN_H 1
| #define LT_OBJDIR ".libs/"
| #define POSTGIS_MAJOR_VERSION "2"
| #define POSTGIS_MINOR_VERSION "4"
| #define POSTGIS_MICRO_VERSION "2"
| #define HAVE_IEEEFP_H 0
| #define HAVE_TERMIOS_H 1
| #define HAVE_VASPRINTF 1
| #define HAVE_ASPRINTF 1
| #define HAVE_FSEEKO 1
| #define HAVE_ICONV 1
| #define PGSQL_LOCALEDIR "/opt/huawei/cluster/app/share/locale"
| #define HAVE_LIBPQ 1
| #define POSTGIS_PGSQL_VERSION 92
| #define HAVE_LIBXML_TREE_H 1
| #define HAVE_LIBXML_PARSER_H 1
| #define HAVE_LIBXML_XPATH_H 1
| #define HAVE_LIBXML_XPATHINTERNALS_H 1
| #define HAVE_LIBXML2 1
| #define POSTGIS_LIBXML2_VERSION "2.7.1"
| #define HAVE_LIBGEOS_C 1
| #define POSTGIS_GEOS_VERSION 36
| /* end confdefs.h.  */
| #include <CoreFoundation/CFPreferences.h>
| int
| main ()
| {
| CFPreferencesCopyAppValue(NULL, NULL)
|   ;
|   return 0;
| }
configure:15227: result: no
configure:15234: checking for CFLocaleCopyCurrent
configure:15252: g++ -o conftest -O2 -fpermissive -pthread  -I/home/hn/code/postgis/postgis-xc/postgis-2.4.2/include  conftest.c  -Wl,-framework -Wl,CoreFoundation >&5
conftest.c:41:10: fatal error: CoreFoundation/CFLocale.h: No such file or directory
 #include <CoreFoundation/CFLocale.h>
          ^~~~~~~~~~~~~~~~~~~~~~~~~~~
compilation terminated.
configure:15252: $? = 1
configure: failed program was:
| /* confdefs.h */
| #define PACKAGE_NAME ""
| #define PACKAGE_TARNAME ""
| #define PACKAGE_VERSION ""
| #define PACKAGE_STRING ""
| #define PACKAGE_BUGREPORT ""
| #define PACKAGE_URL ""
| #define STDC_HEADERS 1
| #define HAVE_SYS_TYPES_H 1
| #define HAVE_SYS_STAT_H 1
| #define HAVE_STDLIB_H 1
| #define HAVE_STRING_H 1
| #define HAVE_MEMORY_H 1
| #define HAVE_STRINGS_H 1
| #define HAVE_INTTYPES_H 1
| #define HAVE_STDINT_H 1
| #define HAVE_UNISTD_H 1
| #define HAVE_DLFCN_H 1
| #define LT_OBJDIR ".libs/"
| #define POSTGIS_MAJOR_VERSION "2"
| #define POSTGIS_MINOR_VERSION "4"
| #define POSTGIS_MICRO_VERSION "2"
| #define HAVE_IEEEFP_H 0
| #define HAVE_TERMIOS_H 1
| #define HAVE_VASPRINTF 1
| #define HAVE_ASPRINTF 1
| #define HAVE_FSEEKO 1
| #define HAVE_ICONV 1
| #define PGSQL_LOCALEDIR "/opt/huawei/cluster/app/share/locale"
| #define HAVE_LIBPQ 1
| #define POSTGIS_PGSQL_VERSION 92
| #define HAVE_LIBXML_TREE_H 1
| #define HAVE_LIBXML_PARSER_H 1
| #define HAVE_LIBXML_XPATH_H 1
| #define HAVE_LIBXML_XPATHINTERNALS_H 1
| #define HAVE_LIBXML2 1
| #define POSTGIS_LIBXML2_VERSION "2.7.1"
| #define HAVE_LIBGEOS_C 1
| #define POSTGIS_GEOS_VERSION 36
| /* end confdefs.h.  */
| #include <CoreFoundation/CFLocale.h>
| int
| main ()
| {
| CFLocaleCopyCurrent();
|   ;
|   return 0;
| }
configure:15261: result: no
configure:15310: checking for GNU gettext in libc
configure:15330: g++ -o conftest -O2 -fpermissive -pthread  -I/home/hn/code/postgis/postgis-xc/postgis-2.4.2/include  conftest.c  >&5
configure:15330: $? = 0
configure:15339: result: yes
configure:16084: checking whether to use NLS
configure:16086: result: yes
configure:16089: checking where the gettext function comes from
configure:16100: result: libc
configure:16184: result: Using user-specified proj directory: /usr/local/proj-4.9.2
configure:16198: checking proj_api.h usability
configure:16198: g++ -c -O2 -fpermissive -pthread -I/usr/local/proj-4.9.2/include conftest.c >&5
configure:16198: $? = 0
configure:16198: result: yes
configure:16198: checking proj_api.h presence
configure:16198: g++ -E -I/usr/local/proj-4.9.2/include conftest.c
configure:16198: $? = 0
configure:16198: result: yes
configure:16198: checking for proj_api.h
configure:16198: result: yes
configure:16236: g++ -o conftest -O2 -fpermissive -pthread -I/usr/local/proj-4.9.2/include  conftest.c  >&5
configure:16236: $? = 0
configure:16236: ./conftest
configure:16236: $? = 0
configure:16268: checking for pj_get_release in -lproj
configure:16293: g++ -o conftest -O2 -fpermissive -pthread  -I/home/hn/code/postgis/postgis-xc/postgis-2.4.2/include  conftest.c -lproj  -L/usr/local/proj-4.9.2/lib >&5
configure:16293: $? = 0
configure:16302: result: yes
configure:16344: result: Using user-specified json-c directory: /usr/local/jsonc-0.12.0
configure:16354: checking json/json.h usability
configure:16354: g++ -c -O2 -fpermissive -pthread -I/usr/local/jsonc-0.12.0/include conftest.c >&5
conftest.c:79:10: fatal error: json/json.h: No such file or directory
 #include <json/json.h>
          ^~~~~~~~~~~~~
compilation terminated.
configure:16354: $? = 1
configure: failed program was:
| /* confdefs.h */
| #define PACKAGE_NAME ""
| #define PACKAGE_TARNAME ""
| #define PACKAGE_VERSION ""
| #define PACKAGE_STRING ""
| #define PACKAGE_BUGREPORT ""
| #define PACKAGE_URL ""
| #define STDC_HEADERS 1
| #define HAVE_SYS_TYPES_H 1
| #define HAVE_SYS_STAT_H 1
| #define HAVE_STDLIB_H 1
| #define HAVE_STRING_H 1
| #define HAVE_MEMORY_H 1
| #define HAVE_STRINGS_H 1
| #define HAVE_INTTYPES_H 1
| #define HAVE_STDINT_H 1
| #define HAVE_UNISTD_H 1
| #define HAVE_DLFCN_H 1
| #define LT_OBJDIR ".libs/"
| #define POSTGIS_MAJOR_VERSION "2"
| #define POSTGIS_MINOR_VERSION "4"
| #define POSTGIS_MICRO_VERSION "2"
| #define HAVE_IEEEFP_H 0
| #define HAVE_TERMIOS_H 1
| #define HAVE_VASPRINTF 1
| #define HAVE_ASPRINTF 1
| #define HAVE_FSEEKO 1
| #define HAVE_ICONV 1
| #define PGSQL_LOCALEDIR "/opt/huawei/cluster/app/share/locale"
| #define HAVE_LIBPQ 1
| #define POSTGIS_PGSQL_VERSION 92
| #define HAVE_LIBXML_TREE_H 1
| #define HAVE_LIBXML_PARSER_H 1
| #define HAVE_LIBXML_XPATH_H 1
| #define HAVE_LIBXML_XPATHINTERNALS_H 1
| #define HAVE_LIBXML2 1
| #define POSTGIS_LIBXML2_VERSION "2.7.1"
| #define HAVE_LIBGEOS_C 1
| #define POSTGIS_GEOS_VERSION 36
| #define ENABLE_NLS 1
| #define HAVE_GETTEXT 1
| #define HAVE_DCGETTEXT 1
| #define POSTGIS_PROJ_VERSION 49
| #define HAVE_LIBPROJ 1
| /* end confdefs.h.  */
| #include <stdio.h>
| #ifdef HAVE_SYS_TYPES_H
| # include <sys/types.h>
| #endif
| #ifdef HAVE_SYS_STAT_H
| # include <sys/stat.h>
| #endif
| #ifdef STDC_HEADERS
| # include <stdlib.h>
| # include <stddef.h>
| #else
| # ifdef HAVE_STDLIB_H
| #  include <stdlib.h>
| # endif
| #endif
| #ifdef HAVE_STRING_H
| # if !defined STDC_HEADERS && defined HAVE_MEMORY_H
| #  include <memory.h>
| # endif
| # include <string.h>
| #endif
| #ifdef HAVE_STRINGS_H
| # include <strings.h>
| #endif
| #ifdef HAVE_INTTYPES_H
| # include <inttypes.h>
| #endif
| #ifdef HAVE_STDINT_H
| # include <stdint.h>
| #endif
| #ifdef HAVE_UNISTD_H
| # include <unistd.h>
| #endif
| #include <json/json.h>
configure:16354: result: no
configure:16354: checking json/json.h presence
configure:16354: g++ -E -I/usr/local/jsonc-0.12.0/include conftest.c
conftest.c:46:10: fatal error: json/json.h: No such file or directory
 #include <json/json.h>
          ^~~~~~~~~~~~~
compilation terminated.
configure:16354: $? = 1
configure: failed program was:
| /* confdefs.h */
| #define PACKAGE_NAME ""
| #define PACKAGE_TARNAME ""
| #define PACKAGE_VERSION ""
| #define PACKAGE_STRING ""
| #define PACKAGE_BUGREPORT ""
| #define PACKAGE_URL ""
| #define STDC_HEADERS 1
| #define HAVE_SYS_TYPES_H 1
| #define HAVE_SYS_STAT_H 1
| #define HAVE_STDLIB_H 1
| #define HAVE_STRING_H 1
| #define HAVE_MEMORY_H 1
| #define HAVE_STRINGS_H 1
| #define HAVE_INTTYPES_H 1
| #define HAVE_STDINT_H 1
| #define HAVE_UNISTD_H 1
| #define HAVE_DLFCN_H 1
| #define LT_OBJDIR ".libs/"
| #define POSTGIS_MAJOR_VERSION "2"
| #define POSTGIS_MINOR_VERSION "4"
| #define POSTGIS_MICRO_VERSION "2"
| #define HAVE_IEEEFP_H 0
| #define HAVE_TERMIOS_H 1
| #define HAVE_VASPRINTF 1
| #define HAVE_ASPRINTF 1
| #define HAVE_FSEEKO 1
| #define HAVE_ICONV 1
| #define PGSQL_LOCALEDIR "/opt/huawei/cluster/app/share/locale"
| #define HAVE_LIBPQ 1
| #define POSTGIS_PGSQL_VERSION 92
| #define HAVE_LIBXML_TREE_H 1
| #define HAVE_LIBXML_PARSER_H 1
| #define HAVE_LIBXML_XPATH_H 1
| #define HAVE_LIBXML_XPATHINTERNALS_H 1
| #define HAVE_LIBXML2 1
| #define POSTGIS_LIBXML2_VERSION "2.7.1"
| #define HAVE_LIBGEOS_C 1
| #define POSTGIS_GEOS_VERSION 36
| #define ENABLE_NLS 1
| #define HAVE_GETTEXT 1
| #define HAVE_DCGETTEXT 1
| #define POSTGIS_PROJ_VERSION 49
| #define HAVE_LIBPROJ 1
| /* end confdefs.h.  */
| #include <json/json.h>
configure:16354: result: no
configure:16354: checking for json/json.h
configure:16354: result: no
configure:16359: checking json-c/json.h usability
configure:16359: g++ -c -O2 -fpermissive -pthread -I/usr/local/jsonc-0.12.0/include conftest.c >&5
configure:16359: $? = 0
configure:16359: result: yes
configure:16359: checking json-c/json.h presence
configure:16359: g++ -E -I/usr/local/jsonc-0.12.0/include conftest.c
configure:16359: $? = 0
configure:16359: result: yes
configure:16359: checking for json-c/json.h
configure:16359: result: yes
configure:16373: checking for json_object_get in -ljson-c
configure:16398: g++ -o conftest -O2 -fpermissive -pthread  -I/home/hn/code/postgis/postgis-xc/postgis-2.4.2/include  conftest.c -ljson-c  -L/usr/local/jsonc-0.12.0/lib >&5
configure:16398: $? = 0
configure:16407: result: yes
configure:16479: checking for pkg-config
configure:16497: found /bin/pkg-config
configure:16510: result: /bin/pkg-config
configure:16739: checking pkg-config is at least version 0.9.0
configure:16742: result: yes
configure:16752: checking for libprotobuf-c >= 1.1.0
configure:16759: $PKG_CONFIG --exists --print-errors "libprotobuf-c >= 1.1.0"
Package libprotobuf-c was not found in the pkg-config search path.
Perhaps you should add the directory containing `libprotobuf-c.pc'
to the PKG_CONFIG_PATH environment variable
No package 'libprotobuf-c' found
configure:16762: $? = 1
configure:16776: $PKG_CONFIG --exists --print-errors "libprotobuf-c >= 1.1.0"
Package libprotobuf-c was not found in the pkg-config search path.
Perhaps you should add the directory containing `libprotobuf-c.pc'
to the PKG_CONFIG_PATH environment variable
No package 'libprotobuf-c' found
configure:16779: $? = 1
configure:16793: result: no
No package 'libprotobuf-c' found
configure:17329: checking pcre.h usability
configure:17329: g++ -c -O2 -fpermissive -pthread  conftest.c >&5
conftest.c:88:10: fatal error: pcre.h: No such file or directory
 #include <pcre.h>
          ^~~~~~~~
compilation terminated.
configure:17329: $? = 1
configure: failed program was:
| /* confdefs.h */
| #define PACKAGE_NAME ""
| #define PACKAGE_TARNAME ""
| #define PACKAGE_VERSION ""
| #define PACKAGE_STRING ""
| #define PACKAGE_BUGREPORT ""
| #define PACKAGE_URL ""
| #define STDC_HEADERS 1
| #define HAVE_SYS_TYPES_H 1
| #define HAVE_SYS_STAT_H 1
| #define HAVE_STDLIB_H 1
| #define HAVE_STRING_H 1
| #define HAVE_MEMORY_H 1
| #define HAVE_STRINGS_H 1
| #define HAVE_INTTYPES_H 1
| #define HAVE_STDINT_H 1
| #define HAVE_UNISTD_H 1
| #define HAVE_DLFCN_H 1
| #define LT_OBJDIR ".libs/"
| #define POSTGIS_MAJOR_VERSION "2"
| #define POSTGIS_MINOR_VERSION "4"
| #define POSTGIS_MICRO_VERSION "2"
| #define HAVE_IEEEFP_H 0
| #define HAVE_TERMIOS_H 1
| #define HAVE_VASPRINTF 1
| #define HAVE_ASPRINTF 1
| #define HAVE_FSEEKO 1
| #define HAVE_ICONV 1
| #define PGSQL_LOCALEDIR "/opt/huawei/cluster/app/share/locale"
| #define HAVE_LIBPQ 1
| #define POSTGIS_PGSQL_VERSION 92
| #define HAVE_LIBXML_TREE_H 1
| #define HAVE_LIBXML_PARSER_H 1
| #define HAVE_LIBXML_XPATH_H 1
| #define HAVE_LIBXML_XPATHINTERNALS_H 1
| #define HAVE_LIBXML2 1
| #define POSTGIS_LIBXML2_VERSION "2.7.1"
| #define HAVE_LIBGEOS_C 1
| #define POSTGIS_GEOS_VERSION 36
| #define ENABLE_NLS 1
| #define HAVE_GETTEXT 1
| #define HAVE_DCGETTEXT 1
| #define POSTGIS_PROJ_VERSION 49
| #define HAVE_LIBPROJ 1
| #define HAVE_LIBJSON 1
| #define HAVE_LIBJSON_C 1
| #define PARANOIA_LEVEL 0
| #define POSTGIS_VERSION "2.4 USE_GEOS=1 USE_PROJ=1 USE_STATS=1"
| #define POSTGIS_LIB_VERSION "2.4.2"
| #define POSTGIS_BUILD_DATE "2021-03-11 03:59:13"
| #define POSTGIS_SCRIPTS_VERSION "2.4.2"
| #define POSTGIS_AUTOCACHE_BBOX 1
| #define POSTGIS_USE_STATS 1
| /* end confdefs.h.  */
| #include <stdio.h>
| #ifdef HAVE_SYS_TYPES_H
| # include <sys/types.h>
| #endif
| #ifdef HAVE_SYS_STAT_H
| # include <sys/stat.h>
| #endif
| #ifdef STDC_HEADERS
| # include <stdlib.h>
| # include <stddef.h>
| #else
| # ifdef HAVE_STDLIB_H
| #  include <stdlib.h>
| # endif
| #endif
| #ifdef HAVE_STRING_H
| # if !defined STDC_HEADERS && defined HAVE_MEMORY_H
| #  include <memory.h>
| # endif
| # include <string.h>
| #endif
| #ifdef HAVE_STRINGS_H
| # include <strings.h>
| #endif
| #ifdef HAVE_INTTYPES_H
| # include <inttypes.h>
| #endif
| #ifdef HAVE_STDINT_H
| # include <stdint.h>
| #endif
| #ifdef HAVE_UNISTD_H
| # include <unistd.h>
| #endif
| #include <pcre.h>
configure:17329: result: no
configure:17329: checking pcre.h presence
configure:17329: g++ -E  conftest.c
conftest.c:55:10: fatal error: pcre.h: No such file or directory
 #include <pcre.h>
          ^~~~~~~~
compilation terminated.
configure:17329: $? = 1
configure: failed program was:
| /* confdefs.h */
| #define PACKAGE_NAME ""
| #define PACKAGE_TARNAME ""
| #define PACKAGE_VERSION ""
| #define PACKAGE_STRING ""
| #define PACKAGE_BUGREPORT ""
| #define PACKAGE_URL ""
| #define STDC_HEADERS 1
| #define HAVE_SYS_TYPES_H 1
| #define HAVE_SYS_STAT_H 1
| #define HAVE_STDLIB_H 1
| #define HAVE_STRING_H 1
| #define HAVE_MEMORY_H 1
| #define HAVE_STRINGS_H 1
| #define HAVE_INTTYPES_H 1
| #define HAVE_STDINT_H 1
| #define HAVE_UNISTD_H 1
| #define HAVE_DLFCN_H 1
| #define LT_OBJDIR ".libs/"
| #define POSTGIS_MAJOR_VERSION "2"
| #define POSTGIS_MINOR_VERSION "4"
| #define POSTGIS_MICRO_VERSION "2"
| #define HAVE_IEEEFP_H 0
| #define HAVE_TERMIOS_H 1
| #define HAVE_VASPRINTF 1
| #define HAVE_ASPRINTF 1
| #define HAVE_FSEEKO 1
| #define HAVE_ICONV 1
| #define PGSQL_LOCALEDIR "/opt/huawei/cluster/app/share/locale"
| #define HAVE_LIBPQ 1
| #define POSTGIS_PGSQL_VERSION 92
| #define HAVE_LIBXML_TREE_H 1
| #define HAVE_LIBXML_PARSER_H 1
| #define HAVE_LIBXML_XPATH_H 1
| #define HAVE_LIBXML_XPATHINTERNALS_H 1
| #define HAVE_LIBXML2 1
| #define POSTGIS_LIBXML2_VERSION "2.7.1"
| #define HAVE_LIBGEOS_C 1
| #define POSTGIS_GEOS_VERSION 36
| #define ENABLE_NLS 1
| #define HAVE_GETTEXT 1
| #define HAVE_DCGETTEXT 1
| #define POSTGIS_PROJ_VERSION 49
| #define HAVE_LIBPROJ 1
| #define HAVE_LIBJSON 1
| #define HAVE_LIBJSON_C 1
| #define PARANOIA_LEVEL 0
| #define POSTGIS_VERSION "2.4 USE_GEOS=1 USE_PROJ=1 USE_STATS=1"
| #define POSTGIS_LIB_VERSION "2.4.2"
| #define POSTGIS_BUILD_DATE "2021-03-11 03:59:13"
| #define POSTGIS_SCRIPTS_VERSION "2.4.2"
| #define POSTGIS_AUTOCACHE_BBOX 1
| #define POSTGIS_USE_STATS 1
| /* end confdefs.h.  */
| #include <pcre.h>
configure:17329: result: no
configure:17329: checking for pcre.h
configure:17329: result: no
configure:17382: result: TOPOLOGY: Topology support disabled
configure:17420: result: RASTER: Raster support requested
configure:17552: checking GDAL version
configure:17563: result: 1.11.0
configure:17577: checking for OGR enabled
configure:17585: result: yes
configure:17601: checking gdal.h usability
configure:17601: g++ -c  -I/usr/local/gdal-1.11.0/include conftest.c >&5
configure:17601: $? = 0
configure:17601: result: yes
configure:17601: checking gdal.h presence
configure:17601: g++ -E -I/usr/local/gdal-1.11.0/include conftest.c
configure:17601: $? = 0
configure:17601: result: yes
configure:17601: checking for gdal.h
configure:17601: result: yes
configure:17601: checking ogr_api.h usability
configure:17601: g++ -c  -I/usr/local/gdal-1.11.0/include conftest.c >&5
configure:17601: $? = 0
configure:17601: result: yes
configure:17601: checking ogr_api.h presence
configure:17601: g++ -E -I/usr/local/gdal-1.11.0/include conftest.c
configure:17601: $? = 0
configure:17601: result: yes
configure:17601: checking for ogr_api.h
configure:17601: result: yes
configure:17601: checking cpl_conv.h usability
configure:17601: g++ -c  -I/usr/local/gdal-1.11.0/include conftest.c >&5
configure:17601: $? = 0
configure:17601: result: yes
configure:17601: checking cpl_conv.h presence
configure:17601: g++ -E -I/usr/local/gdal-1.11.0/include conftest.c
configure:17601: $? = 0
configure:17601: result: yes
configure:17601: checking for cpl_conv.h
configure:17601: result: yes
configure:17614: checking for library containing GDALAllRegister
configure:17645: g++ -o conftest  -I/usr/local/gdal-1.11.0/include  conftest.c -L/usr/local/gdal-1.11.0/lib -lgdal >&5
configure:17645: $? = 0
configure:17662: result: none required
configure:17675: checking for library containing OGRRegisterAll
configure:17706: g++ -o conftest  -I/usr/local/gdal-1.11.0/include  conftest.c -L/usr/local/gdal-1.11.0/lib -lgdal >&5
configure:17706: $? = 0
configure:17723: result: none required
configure:17736: checking for library containing GDALFPolygonize
configure:17767: g++ -o conftest  -I/usr/local/gdal-1.11.0/include  conftest.c -L/usr/local/gdal-1.11.0/lib -lgdal >&5
configure:17767: $? = 0
configure:17784: result: none required
configure:17853: result: enabling PostgreSQL extension support...
configure:17978: creating ./config.status

## ---------------------- ##
## Running config.status. ##
## ---------------------- ##

This file was extended by config.status, which was
generated by GNU Autoconf 2.69.  Invocation command line was

  CONFIG_FILES    = 
  CONFIG_HEADERS  = 
  CONFIG_LINKS    = 
  CONFIG_COMMANDS = 
  $ ./config.status 

on dev

config.status:1273: creating GNUmakefile
config.status:1273: creating extensions/Makefile
config.status:1273: creating extensions/postgis/Makefile
config.status:1273: creating extensions/postgis/postgis.control
config.status:1273: creating extensions/postgis_sfcgal/Makefile
config.status:1273: creating extensions/postgis_sfcgal/postgis_sfcgal.control
config.status:1273: creating extensions/postgis_topology/Makefile
config.status:1273: creating extensions/postgis_topology/postgis_topology.control
config.status:1273: creating extensions/postgis_tiger_geocoder/Makefile
config.status:1273: creating extensions/postgis_tiger_geocoder/postgis_tiger_geocoder.control
config.status:1273: creating extensions/address_standardizer/Makefile
config.status:1273: creating extensions/address_standardizer/address_standardizer.control
config.status:1273: creating extensions/address_standardizer/address_standardizer_data_us.control
config.status:1273: creating liblwgeom/Makefile
config.status:1273: creating liblwgeom/cunit/Makefile
config.status:1273: creating liblwgeom/liblwgeom.h
config.status:1273: creating libpgcommon/Makefile
config.status:1273: creating libpgcommon/cunit/Makefile
config.status:1273: creating postgis/Makefile
config.status:1273: creating postgis/sqldefines.h
config.status:1273: creating loader/Makefile
config.status:1273: creating loader/cunit/Makefile
config.status:1273: creating topology/Makefile
config.status:1273: creating topology/test/Makefile
config.status:1273: creating regress/Makefile
config.status:1273: creating doc/Makefile
config.status:1273: creating doc/Makefile.comments
config.status:1273: creating doc/html/image_src/Makefile
config.status:1273: creating utils/Makefile
config.status:1273: creating raster/Makefile
config.status:1273: creating raster/rt_core/Makefile
config.status:1273: creating raster/rt_pg/Makefile
config.status:1273: creating raster/loader/Makefile
config.status:1273: creating raster/test/Makefile
config.status:1273: creating raster/test/cunit/Makefile
config.status:1273: creating raster/test/regress/Makefile
config.status:1273: creating raster/scripts/Makefile
config.status:1273: creating raster/scripts/python/Makefile
config.status:1273: creating postgis_config.h
config.status:1273: creating raster/raster_config.h
config.status:1468: executing libtool commands
config.status:1468: executing po-directories commands
configure:20145: result: 
configure:20147: result:   PostGIS is now configured for x86_64-unknown-linux-gnu
configure:20149: result: 
configure:20151: result:  -------------- Compiler Info ------------- 
configure:20153: result:   C compiler:           g++ -O2 -fpermissive -pthread
configure:20155: result:   SQL preprocessor:     /opt/rh/devtoolset-8/root/usr/bin/cpp -traditional-cpp -w -P
configure:20157: result: 
configure:20159: result:  -------------- Dependencies -------------- 
configure:20161: result:   GEOS config:          /usr/local/geos-3.6.2/bin/geos-config
configure:20163: result:   GEOS version:         3.6.2
configure:20166: result:   GDAL config:          /usr/local/gdal-1.11.0/bin/gdal-config
configure:20168: result:   GDAL version:         1.11.0
configure:20178: result:   PostgreSQL config:    /opt/huawei/cluster/app_392c0438/bin/pg_config
configure:20180: result:   PostgreSQL version:   92
configure:20186: result:   PROJ4 version:        49
configure:20188: result:   Libxml2 config:       /usr/local/libxml2-2.7.1/bin/xml2-config
configure:20190: result:   Libxml2 version:      2.7.1
configure:20192: result:   JSON-C support:       yes
configure:20194: result:   protobuf-c support:   no
configure:20196: result:   PCRE support:         no
configure:20198: result:   Perl:                 /bin/perl
configure:20200: result: 
configure:20202: result:  --------------- Extensions --------------- 
configure:20205: result:   PostGIS Raster:       enabled
configure:20216: result:   PostGIS Topology:     disabled
configure:20223: result:   SFCGAL support:       disabled
configure:20231: result:   Address Standardizer support:       disabled
configure:20234: result: 
configure:20236: result:  -------- Documentation Generation -------- 
configure:20238: result:   xsltproc:             
configure:20240: result:   xsl style sheets:     
configure:20242: result:   dblatex:              
configure:20244: result:   convert:              
configure:20246: result:   mathml2.dtd:          http://www.w3.org/Math/DTD/mathml2/mathml2.dtd
configure:20248: result: 

## ---------------- ##
## Cache variables. ##
## ---------------- ##

_cv_exclude_libs=yes
_cv_misprot=no
_cv_wall=yes
ac_cv_build=x86_64-unknown-linux-gnu
ac_cv_c_compiler_gnu=yes
ac_cv_env_CC_set=set
ac_cv_env_CC_value=g++
ac_cv_env_CFLAGS_set=set
ac_cv_env_CFLAGS_value='-O2 -fpermissive -pthread'
ac_cv_env_CPPFLAGS_set=
ac_cv_env_CPPFLAGS_value=
ac_cv_env_CPP_set=
ac_cv_env_CPP_value=
ac_cv_env_LDFLAGS_set=
ac_cv_env_LDFLAGS_value=
ac_cv_env_LIBS_set=
ac_cv_env_LIBS_value=
ac_cv_env_LT_SYS_LIBRARY_PATH_set=
ac_cv_env_LT_SYS_LIBRARY_PATH_value=
ac_cv_env_PG_CONFIG_set=
ac_cv_env_PG_CONFIG_value=
ac_cv_env_PKG_CONFIG_LIBDIR_set=
ac_cv_env_PKG_CONFIG_LIBDIR_value=
ac_cv_env_PKG_CONFIG_PATH_set=set
ac_cv_env_PKG_CONFIG_PATH_value=/opt/rh/devtoolset-8/root/usr/lib64/pkgconfig
ac_cv_env_PKG_CONFIG_set=
ac_cv_env_PKG_CONFIG_value=
ac_cv_env_PROTOBUFC_CFLAGS_set=
ac_cv_env_PROTOBUFC_CFLAGS_value=
ac_cv_env_PROTOBUFC_LIBS_set=
ac_cv_env_PROTOBUFC_LIBS_value=
ac_cv_env_YACC_set=
ac_cv_env_YACC_value=
ac_cv_env_YFLAGS_set=
ac_cv_env_YFLAGS_value=
ac_cv_env_build_alias_set=
ac_cv_env_build_alias_value=
ac_cv_env_host_alias_set=
ac_cv_env_host_alias_value=
ac_cv_env_target_alias_set=
ac_cv_env_target_alias_value=
ac_cv_func_asprintf=yes
ac_cv_func_iconvctl=no
ac_cv_func_libiconvctl=no
ac_cv_func_vasprintf=yes
ac_cv_have_decl_isfinite=no
ac_cv_header_CUnit_CUnit_h=yes
ac_cv_header_cpl_conv_h=yes
ac_cv_header_dlfcn_h=yes
ac_cv_header_gdal_h=yes
ac_cv_header_geos_c_h=yes
ac_cv_header_iconv_h=yes
ac_cv_header_ieeefp_h=no
ac_cv_header_inttypes_h=yes
ac_cv_header_json_c_json_h=yes
ac_cv_header_json_json_h=no
ac_cv_header_libpq_fe_h=yes
ac_cv_header_libxml_parser_h=yes
ac_cv_header_libxml_tree_h=yes
ac_cv_header_libxml_xpathInternals_h=yes
ac_cv_header_libxml_xpath_h=yes
ac_cv_header_memory_h=yes
ac_cv_header_ogr_api_h=yes
ac_cv_header_pcre_h=no
ac_cv_header_proj_api_h=yes
ac_cv_header_stdc=yes
ac_cv_header_stdint_h=yes
ac_cv_header_stdlib_h=yes
ac_cv_header_string_h=yes
ac_cv_header_strings_h=yes
ac_cv_header_sys_stat_h=yes
ac_cv_header_sys_types_h=yes
ac_cv_header_termios_h=yes
ac_cv_header_unistd_h=yes
ac_cv_host=x86_64-unknown-linux-gnu
ac_cv_lib_c_iconv_open=yes
ac_cv_lib_cunit_CU_initialize_registry=yes
ac_cv_lib_geos_c_initGEOS=yes
ac_cv_lib_iconv_libiconv_open=no
ac_cv_lib_json_c_json_object_get=yes
ac_cv_lib_pq_PQserverVersion=yes
ac_cv_lib_proj_pj_get_release=yes
ac_cv_lib_xml2_xmlInitParser=yes
ac_cv_objext=o
ac_cv_path_CPPBIN=/opt/rh/devtoolset-8/root/usr/bin/cpp
ac_cv_path_EGREP='/bin/grep -E'
ac_cv_path_FGREP='/bin/grep -F'
ac_cv_path_GMSGFMT=/bin/msgfmt
ac_cv_path_GREP=/bin/grep
ac_cv_path_MSGFMT=/bin/msgfmt
ac_cv_path_MSGMERGE=/bin/msgmerge
ac_cv_path_PERL=/bin/perl
ac_cv_path_PKG_CONFIG=/bin/pkg-config
ac_cv_path_SED=/bin/sed
ac_cv_path_XGETTEXT=/bin/xgettext
ac_cv_path_XMLLINT=/bin/xmllint
ac_cv_path_install='/bin/install -c'
ac_cv_path_lt_DD=/bin/dd
ac_cv_path_mkdir=/bin/mkdir
ac_cv_prog_AWK=gawk
ac_cv_prog_CPP='g++ -E'
ac_cv_prog_ac_ct_AR=ar
ac_cv_prog_ac_ct_CC=g++
ac_cv_prog_ac_ct_OBJDUMP=objdump
ac_cv_prog_ac_ct_RANLIB=ranlib
ac_cv_prog_ac_ct_STRIP=strip
ac_cv_prog_cc_c89=no
ac_cv_prog_cc_g=yes
ac_cv_prog_make_make_set=yes
ac_cv_search_GDALAllRegister='none required'
ac_cv_search_GDALFPolygonize='none required'
ac_cv_search_OGRRegisterAll='none required'
ac_cv_sys_largefile_source=no
acl_cv_path_LD='/opt/rh/devtoolset-8/root/usr/libexec/gcc/x86_64-redhat-linux/8/ld -m elf_x86_64'
acl_cv_prog_gnu_ld=yes
acl_cv_rpath=done
dummy_cv_ffloat_store=yes
gt_cv_func_CFLocaleCopyCurrent=no
gt_cv_func_CFPreferencesCopyAppValue=no
gt_cv_func_gnugettext1_libc=yes
lt_cv_ar_at_file=@
lt_cv_archive_cmds_need_lc=no
lt_cv_deplibs_check_method=pass_all
lt_cv_file_magic_cmd='$MAGIC_CMD'
lt_cv_file_magic_test_file=
lt_cv_ld_reload_flag=-r
lt_cv_nm_interface='BSD nm'
lt_cv_objdir=.libs
lt_cv_path_LD=/opt/rh/devtoolset-8/root/usr/libexec/gcc/x86_64-redhat-linux/8/ld
lt_cv_path_NM='/opt/rh/devtoolset-8/root/usr/bin/nm -B'
lt_cv_path_mainfest_tool=no
lt_cv_prog_compiler_c_o=yes
lt_cv_prog_compiler_pic='-fPIC -DPIC'
lt_cv_prog_compiler_pic_works=yes
lt_cv_prog_compiler_rtti_exceptions=yes
lt_cv_prog_compiler_static_works=no
lt_cv_prog_gnu_ld=yes
lt_cv_sharedlib_from_linklib_cmd='printf %s\n'
lt_cv_shlibpath_overrides_runpath=no
lt_cv_sys_global_symbol_pipe='sed -n -e '\''s/^.*[	 ]\([ABCDGIRSTW][ABCDGIRSTW]*\)[	 ][	 ]*\([_A-Za-z][_A-Za-z0-9]*\)$/\1 \2 \2/p'\'' | sed '\''/ __gnu_lto/d'\'''
lt_cv_sys_global_symbol_to_c_name_address='sed -n -e '\''s/^: \(.*\) .*$/  {"\1", (void *) 0},/p'\'' -e '\''s/^[ABCDGIRSTW][ABCDGIRSTW]* .* \(.*\)$/  {"\1", (void *) \&\1},/p'\'''
lt_cv_sys_global_symbol_to_c_name_address_lib_prefix='sed -n -e '\''s/^: \(.*\) .*$/  {"\1", (void *) 0},/p'\'' -e '\''s/^[ABCDGIRSTW][ABCDGIRSTW]* .* \(lib.*\)$/  {"\1", (void *) \&\1},/p'\'' -e '\''s/^[ABCDGIRSTW][ABCDGIRSTW]* .* \(.*\)$/  {"lib\1", (void *) \&\1},/p'\'''
lt_cv_sys_global_symbol_to_cdecl='sed -n -e '\''s/^T .* \(.*\)$/extern int \1();/p'\'' -e '\''s/^[ABCDGIRSTW][ABCDGIRSTW]* .* \(.*\)$/extern char \1;/p'\'''
lt_cv_sys_global_symbol_to_import=
lt_cv_sys_max_cmd_len=1572864
lt_cv_to_host_file_cmd=func_convert_file_noop
lt_cv_to_tool_file_cmd=func_convert_file_noop
lt_cv_truncate_bin='/bin/dd bs=4096 count=1'

## ----------------- ##
## Output variables. ##
## ----------------- ##

ADDRESS_STANDARDIZER=''
AR='ar'
AR_FLAGS='cr'
AWK='gawk'
CAN_BUILD_COMMENTS='no'
CAN_BUILD_PDF='no'
CC='g++'
CFLAGS='-O2 -fpermissive -pthread'
CPP='g++ -E'
CPPBIN='/opt/rh/devtoolset-8/root/usr/bin/cpp'
CPPFLAGS=' -I/usr/local/geos-3.6.2/include -I/usr/local/proj-4.9.2/include  -I/usr/local/libxml2-2.7.1/include/libxml2  -I/usr/local/jsonc-0.12.0/include   -I/home/hn/code/postgis/postgis-xc/postgis-2.4.2/include'
CUNIT_CPPFLAGS=''
CUNIT_LDFLAGS=' -lcunit'
DBLATEX=''
DEFS='-DHAVE_CONFIG_H'
DLLTOOL='false'
DSYMUTIL=''
DUMPBIN=''
ECHO_C=''
ECHO_N='-n'
ECHO_T=''
EGREP='/bin/grep -E'
EXCLUDELIBS_LDFLAGS='-Wl,--exclude-libs,ALL'
EXEEXT=''
EXESUFFIX=''
EXTENSIONS='extensions'
FGREP='/bin/grep -F'
GDALFPOLYGONIZE=''
GDAL_CONFIG='/usr/local/gdal-1.11.0/bin/gdal-config'
GEOSCONFIG='/usr/local/geos-3.6.2/bin/geos-config'
GEOS_CPPFLAGS='-I/usr/local/geos-3.6.2/include'
GEOS_LDFLAGS='-L/usr/local/geos-3.6.2/lib'
GEOS_NUMERIC_VERSION='30602'
GETTEXT_CFLAGS=''
GETTEXT_LDFLAGS=''
GETTEXT_MACRO_VERSION='0.17'
GMSGFMT='/bin/msgfmt'
GMSGFMT_015='/bin/msgfmt'
GPP=''
GREP='/bin/grep'
GTK_BUILD=''
GTK_CFLAGS=''
GTK_LIBS=''
GTK_WIN32_FLAGS=''
GTK_WIN32_RES=''
HAVE_BRIN='no'
HAVE_JSON='yes'
HAVE_PCRE='no'
HAVE_PROTOBUF='no'
HAVE_SFCGAL='no'
ICONV_CFLAGS=''
ICONV_LDFLAGS=' -lc'
IGE_MAC_CFLAGS=''
IGE_MAC_LIBS=''
IMAGEMAGICK=''
INSTALL_DATA='${INSTALL} -m 644'
INSTALL_PROGRAM='${INSTALL}'
INSTALL_SCRIPT='${INSTALL}'
INTERRUPTTESTS='yes'
INTLLIBS=''
INTL_MACOSX_LIBS=''
JSON_CPPFLAGS='-I/usr/local/jsonc-0.12.0/include'
JSON_LDFLAGS='-L/usr/local/jsonc-0.12.0/lib -ljson-c'
LD='/opt/rh/devtoolset-8/root/usr/libexec/gcc/x86_64-redhat-linux/8/ld -m elf_x86_64'
LDFLAGS=''
LEX=':'
LEXLIB=''
LEX_OUTPUT_ROOT=''
LIBGDAL_CFLAGS='-I/usr/local/gdal-1.11.0/include'
LIBGDAL_DEPLIBS_LDFLAGS=''
LIBGDAL_LDFLAGS='-L/usr/local/gdal-1.11.0/lib -lgdal'
LIBICONV='-liconv'
LIBINTL=''
LIBLWGEOM_AGE='0'
LIBLWGEOM_CURRENT='0'
LIBLWGEOM_ONLY='no'
LIBLWGEOM_REV='0'
LIBOBJS=''
LIBS=''
LIBTOOL='$(SHELL) $(top_builddir)/libtool'
LIPO=''
LN_S='ln -s'
LTLIBICONV='-liconv'
LTLIBINTL=''
LTLIBOBJS=''
LT_SYS_LIBRARY_PATH=''
MANIFEST_TOOL=':'
MATHML2_DTD='http://www.w3.org/Math/DTD/mathml2/mathml2.dtd'
MINGWBUILD='0'
MKDIR_P='/bin/mkdir -p'
MSGFMT='/bin/msgfmt'
MSGFMT_015='/bin/msgfmt'
MSGMERGE='/bin/msgmerge'
NM='/opt/rh/devtoolset-8/root/usr/bin/nm -B'
NMEDIT=''
NUMERICFLAGS=' -ffloat-store'
OBJDUMP='objdump'
OBJEXT='o'
OTOOL64=''
OTOOL=''
PACKAGE_BUGREPORT=''
PACKAGE_NAME=''
PACKAGE_STRING=''
PACKAGE_TARNAME=''
PACKAGE_URL=''
PACKAGE_VERSION=''
PATH_SEPARATOR=':'
PCRE=''
PCRE_CPPFLAGS=''
PCRE_LDFLAGS=''
PCRE_VERSION=''
PERL='/bin/perl'
PGSQL_BE_CPPFLAGS='-I/opt/huawei/cluster/app/include/postgresql/server  -I/home/hn/code/postgis/postgis-xc/postgis-2.4.2/include'
PGSQL_BINDIR='/opt/huawei/cluster/app/bin'
PGSQL_DOCDIR='/opt/huawei/cluster/app/share/doc/postgresql'
PGSQL_FE_CPPFLAGS='-I/opt/huawei/cluster/app/include'
PGSQL_FE_LDFLAGS='-L/opt/huawei/cluster/app/lib -lpq'
PGSQL_MANDIR='/opt/huawei/cluster/app/share/man'
PGSQL_SHAREDIR='/opt/huawei/cluster/app/share/postgresql'
PGXS='/opt/huawei/cluster/app/lib/postgresql/pgxs/src/makefiles/pgxs.mk'
PG_CONFIG='/opt/huawei/cluster/app_392c0438/bin/pg_config'
PICFLAGS=' -fPIC -DPIC'
PKG_CONFIG='/bin/pkg-config'
PKG_CONFIG_LIBDIR=''
PKG_CONFIG_PATH='/opt/rh/devtoolset-8/root/usr/lib64/pkgconfig'
POSTGIS_BUILD_DATE='2021-03-11 03:59:13'
POSTGIS_GDAL_VERSION='111'
POSTGIS_GEOS_VERSION='36'
POSTGIS_LIBXML2_VERSION='2.7.1'
POSTGIS_LIB_VERSION='2.4.2'
POSTGIS_MAJOR_VERSION='2'
POSTGIS_MICRO_VERSION='2'
POSTGIS_MINOR_VERSION='4'
POSTGIS_PGSQL_VERSION='92'
POSTGIS_PROJ_VERSION='49'
POSTGIS_RASTER_BUILD_DATE='2021-03-11 03:59:14'
POSTGIS_RASTER_LIB_VERSION='0.1.6d'
POSTGIS_RASTER_MAJOR_VERSION='0'
POSTGIS_RASTER_MICRO_VERSION='6d'
POSTGIS_RASTER_MINOR_VERSION='1'
POSTGIS_RASTER_SCRIPTS_VERSION='0.1.6d'
POSTGIS_RASTER_VERSION='0.1'
POSTGIS_SCRIPTS_VERSION='2.4.2'
POSTGIS_SFCGAL_VERSION=''
POSTGIS_VERSION='2.4 USE_GEOS=1 USE_PROJ=1 USE_STATS=1'
POSUB='po'
PROJ_CPPFLAGS='-I/usr/local/proj-4.9.2/include'
PROJ_LDFLAGS='-L/usr/local/proj-4.9.2/lib'
PROTOBUFC_CFLAGS=''
PROTOBUFC_LIBS=''
PROTOBUF_CPPFLAGS=''
PROTOBUF_LDFLAGS=''
PROTOCC=''
RANLIB='ranlib'
RASTER='raster'
RT_CORE_LIB='corelib'
RT_LOADER='rtloader'
RT_PG_LIB='pglib'
RT_POSTGIS_SQL='rtpostgis.sql'
SED='/bin/sed'
SET_MAKE=''
SFCGAL=''
SFCGAL_CONFIG=''
SFCGAL_CPPFLAGS=''
SFCGAL_LDFLAGS=''
SFCGAL_OBJS=''
SFCGAL_VERSION=''
SHELL='/bin/sh'
SHLIB_LINK=' -L/usr/local/geos-3.6.2/lib -L/usr/local/proj-4.9.2/lib -lgeos_c -lproj -L/usr/local/jsonc-0.12.0/lib -ljson-c  -L/usr/local/libxml2-2.7.1/lib -lxml2 -lm   -Wl,--exclude-libs,ALL'
SQLPP='/opt/rh/devtoolset-8/root/usr/bin/cpp -traditional-cpp -w -P'
SRID_MAX='999999'
SRID_USR_MAX='998999'
STRIP='strip'
TOPOLOGY=''
USE_NLS='no'
WARNFLAGS=' -Wall'
XCRUN=''
XGETTEXT='/bin/xgettext'
XGETTEXT_015='/bin/xgettext'
XGETTEXT_EXTRA_OPTIONS=''
XML2CONFIG='/usr/local/libxml2-2.7.1/bin/xml2-config'
XMLLINT='/bin/xmllint'
XSLBASE=''
XSLTPROC=''
YACC='yacc'
YFLAGS=''
ac_ct_AR='ar'
ac_ct_CC='g++'
ac_ct_DUMPBIN=''
bindir='${exec_prefix}/bin'
build='x86_64-unknown-linux-gnu'
build_alias=''
build_cpu='x86_64'
build_os='linux-gnu'
build_vendor='unknown'
datadir='${datarootdir}'
datarootdir='${prefix}/share'
docdir='${datarootdir}/doc/${PACKAGE}'
dvidir='${docdir}'
exec_prefix='${prefix}'
host='x86_64-unknown-linux-gnu'
host_alias=''
host_cpu='x86_64'
host_os='linux-gnu'
host_vendor='unknown'
htmldir='${docdir}'
includedir='${prefix}/include'
infodir='${datarootdir}/info'
libdir='${exec_prefix}/lib'
libexecdir='${exec_prefix}/libexec'
localedir='${datarootdir}/locale'
localstatedir='${prefix}/var'
mandir='${datarootdir}/man'
mkdir_p='/bin/mkdir -p'
oldincludedir='/usr/include'
pdfdir='${docdir}'
prefix='/usr/local'
program_transform_name='s,x,x,'
psdir='${docdir}'
sbindir='${exec_prefix}/sbin'
sharedstatedir='${prefix}/com'
sysconfdir='${prefix}/etc'
target_alias=''

## ----------- ##
## confdefs.h. ##
## ----------- ##

/* confdefs.h */
#define PACKAGE_NAME ""
#define PACKAGE_TARNAME ""
#define PACKAGE_VERSION ""
#define PACKAGE_STRING ""
#define PACKAGE_BUGREPORT ""
#define PACKAGE_URL ""
#define STDC_HEADERS 1
#define HAVE_SYS_TYPES_H 1
#define HAVE_SYS_STAT_H 1
#define HAVE_STDLIB_H 1
#define HAVE_STRING_H 1
#define HAVE_MEMORY_H 1
#define HAVE_STRINGS_H 1
#define HAVE_INTTYPES_H 1
#define HAVE_STDINT_H 1
#define HAVE_UNISTD_H 1
#define HAVE_DLFCN_H 1
#define LT_OBJDIR ".libs/"
#define POSTGIS_MAJOR_VERSION "2"
#define POSTGIS_MINOR_VERSION "4"
#define POSTGIS_MICRO_VERSION "2"
#define HAVE_IEEEFP_H 0
#define HAVE_TERMIOS_H 1
#define HAVE_VASPRINTF 1
#define HAVE_ASPRINTF 1
#define HAVE_FSEEKO 1
#define HAVE_ICONV 1
#define PGSQL_LOCALEDIR "/opt/huawei/cluster/app/share/locale"
#define HAVE_LIBPQ 1
#define POSTGIS_PGSQL_VERSION 92
#define HAVE_LIBXML_TREE_H 1
#define HAVE_LIBXML_PARSER_H 1
#define HAVE_LIBXML_XPATH_H 1
#define HAVE_LIBXML_XPATHINTERNALS_H 1
#define HAVE_LIBXML2 1
#define POSTGIS_LIBXML2_VERSION "2.7.1"
#define HAVE_LIBGEOS_C 1
#define POSTGIS_GEOS_VERSION 36
#define ENABLE_NLS 1
#define HAVE_GETTEXT 1
#define HAVE_DCGETTEXT 1
#define POSTGIS_PROJ_VERSION 49
#define HAVE_LIBPROJ 1
#define HAVE_LIBJSON 1
#define HAVE_LIBJSON_C 1
#define PARANOIA_LEVEL 0
#define POSTGIS_VERSION "2.4 USE_GEOS=1 USE_PROJ=1 USE_STATS=1"
#define POSTGIS_LIB_VERSION "2.4.2"
#define POSTGIS_BUILD_DATE "2021-03-11 03:59:13"
#define POSTGIS_SCRIPTS_VERSION "2.4.2"
#define POSTGIS_AUTOCACHE_BBOX 1
#define POSTGIS_USE_STATS 1
#define PCRE_VERSION 
#define POSTGIS_RASTER_MAJOR_VERSION "0"
#define POSTGIS_RASTER_MINOR_VERSION "1"
#define POSTGIS_RASTER_MICRO_VERSION "6d"
#define POSTGIS_RASTER_VERSION "0.1"
#define POSTGIS_RASTER_LIB_VERSION "0.1.6d"
#define POSTGIS_RASTER_BUILD_DATE "2021-03-11 03:59:14"
#define POSTGIS_RASTER_SCRIPTS_VERSION "0.1.6d"
#define POSTGIS_RASTER_WARN_ON_TRUNCATION 0
#define POSTGIS_GDAL_VERSION 111
#define HAVE_GDAL_H 1
#define HAVE_OGR_API_H 1
#define HAVE_CPL_CONV_H 1
#define GDALFPOLYGONIZE 1

configure: exit 0
